socket(PF_LOCAL, SOCK_STREAM|SOCK_CLOEXEC, 0) = 3
connect(3, {sa_family=AF_LOCAL, sun_path=@"/tmp/.X11-unix/X0"}, 20) = 0
getpeername(3, {sa_family=AF_LOCAL, sun_path=@"/tmp/.X11-unix/X0"}, [20]) = 0
getsockname(3, {sa_family=AF_LOCAL, NULL}, [2]) = 0
recv(3, 0x91d7420, 8, 0)                = -1 EAGAIN (Resource temporarily unavailable)
recv(3, "\1\0\v\0\0\0\320\5", 8, 0)     = 8
recv(3, "\300\226\262\0\0\0\300\3\377\377\37\0\0\1\0\0\6\0\377\377\1\7\0\0  \10\377\0\0\0\0"..., 5952, 0) = 5952
recvmsg(3, {msg_name(0)=NULL, msg_iov(1)=[{"\1\0\1\0\0\0\0\0\1\205\0\0\0\0\0\0\0\0\0\0\0\0\0\0\0\0\0\0\0\0\0\0", 4096}], msg_controllen=0, msg_flags=0}, 0) = 32
recvmsg(3, {msg_name(0)=NULL, msg_iov(1)=[{"\1\0\2\0\0\0\0\0\377\377?\0\0\0\0\0\0\0\0\0\0\0\0\0\0\0\0\0\0\0\0\0", 4096}], msg_controllen=0, msg_flags=0}, 0) = 32
recvmsg(3, 0xbfc55564, 0)               = -1 EAGAIN (Resource temporarily unavailable)
recvmsg(3, {msg_name(0)=NULL, msg_iov(1)=[{"\1\10\4\0(\0\0\0\37\0\0\0\0\0\0\0\236\0\0\0\0\0\0\0\0\0\0\0\0\0\0\0"..., 4096}], msg_controllen=0, msg_flags=0}, 0) = 192
recvmsg(3, 0xbfc55634, 0)               = -1 EAGAIN (Resource temporarily unavailable)
recvmsg(3, {msg_name(0)=NULL, msg_iov(1)=[{"\1\0\5\0\0\0\0\0\1\207U\211\0\0\0\0\0\0\0\0\0\0\0\0\0\0\0\0\0\0\0\0", 4096}], msg_controllen=0, msg_flags=0}, 0) = 32
recvmsg(3, 0xbfc554e4, 0)               = -1 EAGAIN (Resource temporarily unavailable)
recvmsg(3, 0xbfc554e4, 0)               = -1 EAGAIN (Resource temporarily unavailable)
recvmsg(3, {msg_name(0)=NULL, msg_iov(1)=[{"\1\1\6\0\0\0\0\0\1\0\0\0\0\0\0\0\0\0\0\0\0\0\0\0\0\0\0\0\0\0\0\0", 4096}], msg_controllen=0, msg_flags=0}, 0) = 32
recvmsg(3, 0xbfc55584, 0)               = -1 EAGAIN (Resource temporarily unavailable)
recvmsg(3, 0xbfc55584, 0)               = -1 EAGAIN (Resource temporarily unavailable)
recvmsg(3, {msg_name(0)=NULL, msg_iov(1)=[{"\1\0\7\0\0\0\0\0\1\202A\200\0\0\0\0\0\0\0\0\0\0\0\0\0\0\0\0\0\0\0\0"..., 4096}], msg_controllen=0, msg_flags=0}, 0) = 672
recvmsg(3, {msg_name(0)=NULL, msg_iov(1)=[{"\1\0\34\0\0\0\0\0\27\1\0\0\0\0\0\0\0\0\0\0\0\0\0\0\0\0\0\0\0\0\0\0"..., 4096}], msg_controllen=0, msg_flags=0}, 0) = 4096
recvmsg(3, {msg_name(0)=NULL, msg_iov(1)=[{"\1\0\234\0\0\0\0\0\10\2\0\0\0\0\0\0\0\0\0\0\0\0\0\0\0\0\0\0\0\0\0\0"..., 4096}], msg_controllen=0, msg_flags=0}, 0) = 192
recvmsg(3, {msg_name(0)=NULL, msg_iov(1)=[{"\1\0\242\0\0\0\0\0\1\0\0\0\3\0\0\0\0\0\0\0\0\0\0\0\0\0\0\0\0\0\0\0", 4096}], msg_controllen=0, msg_flags=0}, 0) = 32
recvmsg(3, {msg_name(0)=NULL, msg_iov(1)=[{"\1\0\244\0\0\0\0\0\4\0\0\0\0\0\0\0\0\0\0\0\0\0\0\0\0\0\0\0\0\0\0\0", 4096}], msg_controllen=0, msg_flags=0}, 0) = 32
recvmsg(3, {msg_name(0)=NULL, msg_iov(1)=[{"\1\0\245\0\0\0\0\0\34\1\0\0\0\0\0\0\0\0\0\0\0\0\0\0\0\0\0\0\0\0\0\0", 4096}], msg_controllen=0, msg_flags=0}, 0) = 32
recvmsg(3, {msg_name(0)=NULL, msg_iov(1)=[{"\1\0\246\0\0\0\0\0\0\0\0\0\0\0\0\0\0\0\0\0\0\0\0\0\0\0\0\0\0\0\0\0", 4096}], msg_controllen=0, msg_flags=0}, 0) = 32
recvmsg(3, {msg_name(0)=NULL, msg_iov(1)=[{"\1 \247\0\10\0\0\0\6\0\0\0\0\0\0\0\10\0\0\0\0\0\0\0\0\0\0\0\0\0\0\0"..., 4096}], msg_controllen=0, msg_flags=0}, 0) = 64
recvmsg(3, {msg_name(0)=NULL, msg_iov(1)=[{"\1\0\250\0|\0\0\0\177Da\0\177Da\0\1\0\1\0\f\0g\0\0\0\0\0\0\0\0\0"..., 4096}], msg_controllen=0, msg_flags=0}, 0) = 528
recvmsg(3, {msg_name(0)=NULL, msg_iov(1)=[{"\1\0\251\0\0\0\0\0\0\0\0\0\0\0\0\0\0\0\0\0\0\0\0\0\0\0\0\0\0\0\0\0", 4096}], msg_controllen=0, msg_flags=0}, 0) = 32
recvmsg(3, {msg_name(0)=NULL, msg_iov(1)=[{"\1\0\252\0\21\0\0\0\177Da\0>\0\0\0\0\0\0\0\0\0\0\0\0\0\1\0\r\0\1\0"..., 4096}], msg_controllen=0, msg_flags=0}, 0) = 100
recvmsg(3, {msg_name(0)=NULL, msg_iov(1)=[{"\1\0\254\0\2\0\0\0\177Da\0\0\0\0\0\0\4\0\3J\0\0\0\1\0\1\0\1\0\1\0"..., 4096}], msg_controllen=0, msg_flags=0}, 0) = 40
recvmsg(3, {msg_name(0)=NULL, msg_iov(1)=[{"\1\0\255\0|\0\0\0\177Da\0\177Da\0\1\0\1\0\f\0g\0\0\0\0\0\0\0\0\0"..., 4096}], msg_controllen=0, msg_flags=0}, 0) = 528
recvmsg(3, {msg_name(0)=NULL, msg_iov(1)=[{"\1\10\256\0(\0\0\0\37\0\0\0\0\0\0\0\236\0\0\0\0\0\0\0\0\0\0\0\0\0\0\0"..., 4096}], msg_controllen=0, msg_flags=0}, 0) = 192
recvmsg(3, {msg_name(0)=NULL, msg_iov(1)=[{"\1\0\257\0\3\0\0\0!\0\0\0\1\0\0\1\377\377\377\377\0\0\0\0\0\1\2\0 \0\0\0"..., 4096}], msg_controllen=0, msg_flags=0}, 0) = 44
recvmsg(3, {msg_name(0)=NULL, msg_iov(1)=[{"\1 \261\0\1\0\0\0!\0\0\0\0\0\0\0\1\0\0\0\0\0\0\0\0\0\0\0\0\0\0\0"..., 4096}], msg_controllen=0, msg_flags=0}, 0) = 36
recvmsg(3, {msg_name(0)=NULL, msg_iov(1)=[{"\1\10\262\0\2\0\0\0\21\1\0\0\0\0\0\0\10\0\0\0\0\0\0\0\0\0\0\0\0\0\0\0"..., 4096}], msg_controllen=0, msg_flags=0}, 0) = 40
socket(PF_LOCAL, SOCK_STREAM|SOCK_CLOEXEC|SOCK_NONBLOCK, 0) = 8
connect(8, {sa_family=AF_LOCAL, sun_path="/var/run/nscd/socket"}, 110) = -1 ENOENT (No such file or directory)
socket(PF_LOCAL, SOCK_STREAM|SOCK_CLOEXEC|SOCK_NONBLOCK, 0) = 8
connect(8, {sa_family=AF_LOCAL, sun_path="/var/run/nscd/socket"}, 110) = -1 ENOENT (No such file or directory)
socket(PF_LOCAL, SOCK_STREAM|SOCK_CLOEXEC, 0) = 8
connect(8, {sa_family=AF_LOCAL, sun_path=@"/tmp/.X11-unix/X0"}, 20) = 0
getpeername(8, {sa_family=AF_LOCAL, sun_path=@"/tmp/.X11-unix/X0"}, [20]) = 0
getsockname(8, {sa_family=AF_LOCAL, NULL}, [2]) = 0
recv(8, "\1\0\v\0\0\0\320\5", 8, 0)     = 8
recv(8, "\300\226\262\0\0\0\240\4\377\377\37\0\0\1\0\0\6\0\377\377\1\7\0\0  \10\377\0\0\0\0"..., 5952, 0) = 5952
recvmsg(8, {msg_name(0)=NULL, msg_iov(1)=[{"\1\0\1\0\0\0\0\0\1\205\0\0\0\0\0\0\0\0\0\0\0\0\0\0\0\0\0\0\0\0\0\0", 4096}], msg_controllen=0, msg_flags=0}, 0) = 32
recvmsg(8, {msg_name(0)=NULL, msg_iov(1)=[{"\1\0\2\0\0\0\0\0\377\377?\0\0\0\0\0\0\0\0\0\0\0\0\0\0\0\0\0\0\0\0\0", 4096}], msg_controllen=0, msg_flags=0}, 0) = 32
recvmsg(8, 0xbfc555b4, 0)               = -1 EAGAIN (Resource temporarily unavailable)
recvmsg(8, {msg_name(0)=NULL, msg_iov(1)=[{"\1\10\4\0(\0\0\0\37\0\0\0\0\0\0\0\236\0\0\0\0\0\0\0\0\0\0\0\0\0\0\0"..., 4096}], msg_controllen=0, msg_flags=0}, 0) = 192
recvmsg(8, 0xbfc55684, 0)               = -1 EAGAIN (Resource temporarily unavailable)
recvmsg(8, {msg_name(0)=NULL, msg_iov(1)=[{"\1\0\5\0\0\0\0\0\1\207U\211\0\0\0\0\0\0\0\0\0\0\0\0\0\0\0\0\0\0\0\0", 4096}], msg_controllen=0, msg_flags=0}, 0) = 32
recvmsg(8, 0xbfc55534, 0)               = -1 EAGAIN (Resource temporarily unavailable)
recvmsg(8, 0xbfc55534, 0)               = -1 EAGAIN (Resource temporarily unavailable)
recvmsg(8, {msg_name(0)=NULL, msg_iov(1)=[{"\1\1\6\0\0\0\0\0\1\0\0\0\0\0\0\0\0\0\0\0\0\0\0\0\0\0\0\0\0\0\0\0", 4096}], msg_controllen=0, msg_flags=0}, 0) = 32
recvmsg(8, 0xbfc555d4, 0)               = -1 EAGAIN (Resource temporarily unavailable)
recvmsg(8, 0xbfc555d4, 0)               = -1 EAGAIN (Resource temporarily unavailable)
recvmsg(8, {msg_name(0)=NULL, msg_iov(1)=[{"\1\0\7\0\0\0\0\0\21\1\0\0\0\0\0\0\0\0\0\0\0\0\0\0\0\0\0\0\0\0\0\0"..., 4096}], msg_controllen=0, msg_flags=0}, 0) = 1088
recvmsg(8, 0xbfc55634, 0)               = -1 EAGAIN (Resource temporarily unavailable)
recvmsg(8, 0xbfc55634, 0)               = -1 EAGAIN (Resource temporarily unavailable)
recvmsg(8, 0xbfc55634, 0)               = -1 EAGAIN (Resource temporarily unavailable)
recvmsg(8, 0xbfc55634, 0)               = -1 EAGAIN (Resource temporarily unavailable)
recvmsg(8, 0xbfc55634, 0)               = -1 EAGAIN (Resource temporarily unavailable)
recvmsg(8, 0xbfc55634, 0)               = -1 EAGAIN (Resource temporarily unavailable)
recvmsg(8, 0xbfc55634, 0)               = -1 EAGAIN (Resource temporarily unavailable)
recvmsg(8, 0xbfc55634, 0)               = -1 EAGAIN (Resource temporarily unavailable)
recvmsg(8, 0xbfc55634, 0)               = -1 EAGAIN (Resource temporarily unavailable)
recvmsg(8, 0xbfc55634, 0)               = -1 EAGAIN (Resource temporarily unavailable)
recvmsg(8, 0xbfc55634, 0)               = -1 EAGAIN (Resource temporarily unavailable)
recvmsg(8, 0xbfc55634, 0)               = -1 EAGAIN (Resource temporarily unavailable)
recvmsg(8, 0xbfc55634, 0)               = -1 EAGAIN (Resource temporarily unavailable)
recvmsg(8, 0xbfc55634, 0)               = -1 EAGAIN (Resource temporarily unavailable)
recvmsg(8, 0xbfc55634, 0)               = -1 EAGAIN (Resource temporarily unavailable)
recvmsg(8, 0xbfc55634, 0)               = -1 EAGAIN (Resource temporarily unavailable)
recvmsg(8, 0xbfc55634, 0)               = -1 EAGAIN (Resource temporarily unavailable)
recvmsg(8, 0xbfc55634, 0)               = -1 EAGAIN (Resource temporarily unavailable)
recvmsg(8, 0xbfc55634, 0)               = -1 EAGAIN (Resource temporarily unavailable)
recvmsg(8, 0xbfc55634, 0)               = -1 EAGAIN (Resource temporarily unavailable)
recvmsg(8, 0xbfc55634, 0)               = -1 EAGAIN (Resource temporarily unavailable)
recvmsg(8, 0xbfc55634, 0)               = -1 EAGAIN (Resource temporarily unavailable)
recvmsg(8, 0xbfc55634, 0)               = -1 EAGAIN (Resource temporarily unavailable)
recvmsg(8, 0xbfc55634, 0)               = -1 EAGAIN (Resource temporarily unavailable)
recvmsg(8, 0xbfc55634, 0)               = -1 EAGAIN (Resource temporarily unavailable)
recvmsg(8, 0xbfc55634, 0)               = -1 EAGAIN (Resource temporarily unavailable)
recvmsg(8, 0xbfc55634, 0)               = -1 EAGAIN (Resource temporarily unavailable)
recvmsg(8, 0xbfc55634, 0)               = -1 EAGAIN (Resource temporarily unavailable)
recvmsg(8, 0xbfc55634, 0)               = -1 EAGAIN (Resource temporarily unavailable)
recvmsg(8, 0xbfc55634, 0)               = -1 EAGAIN (Resource temporarily unavailable)
recvmsg(8, 0xbfc55634, 0)               = -1 EAGAIN (Resource temporarily unavailable)
recvmsg(8, 0xbfc55634, 0)               = -1 EAGAIN (Resource temporarily unavailable)
recvmsg(8, 0xbfc55634, 0)               = -1 EAGAIN (Resource temporarily unavailable)
recvmsg(8, 0xbfc55634, 0)               = -1 EAGAIN (Resource temporarily unavailable)
recvmsg(8, 0xbfc55634, 0)               = -1 EAGAIN (Resource temporarily unavailable)
recvmsg(8, 0xbfc55634, 0)               = -1 EAGAIN (Resource temporarily unavailable)
recvmsg(8, 0xbfc55634, 0)               = -1 EAGAIN (Resource temporarily unavailable)
recvmsg(8, 0xbfc55634, 0)               = -1 EAGAIN (Resource temporarily unavailable)
recvmsg(8, 0xbfc55634, 0)               = -1 EAGAIN (Resource temporarily unavailable)
recvmsg(8, 0xbfc55634, 0)               = -1 EAGAIN (Resource temporarily unavailable)
recvmsg(8, 0xbfc55634, 0)               = -1 EAGAIN (Resource temporarily unavailable)
recvmsg(8, 0xbfc55634, 0)               = -1 EAGAIN (Resource temporarily unavailable)
recvmsg(8, 0xbfc55634, 0)               = -1 EAGAIN (Resource temporarily unavailable)
recvmsg(8, 0xbfc55634, 0)               = -1 EAGAIN (Resource temporarily unavailable)
recvmsg(8, 0xbfc55634, 0)               = -1 EAGAIN (Resource temporarily unavailable)
recvmsg(8, 0xbfc55634, 0)               = -1 EAGAIN (Resource temporarily unavailable)
recvmsg(8, 0xbfc55634, 0)               = -1 EAGAIN (Resource temporarily unavailable)
recvmsg(8, 0xbfc55634, 0)               = -1 EAGAIN (Resource temporarily unavailable)
recvmsg(8, 0xbfc55634, 0)               = -1 EAGAIN (Resource temporarily unavailable)
recvmsg(8, 0xbfc55634, 0)               = -1 EAGAIN (Resource temporarily unavailable)
recvmsg(8, 0xbfc55634, 0)               = -1 EAGAIN (Resource temporarily unavailable)
recvmsg(8, 0xbfc55634, 0)               = -1 EAGAIN (Resource temporarily unavailable)
recvmsg(8, 0xbfc55634, 0)               = -1 EAGAIN (Resource temporarily unavailable)
recvmsg(8, 0xbfc55634, 0)               = -1 EAGAIN (Resource temporarily unavailable)
recvmsg(8, 0xbfc55634, 0)               = -1 EAGAIN (Resource temporarily unavailable)
recvmsg(8, 0xbfc55634, 0)               = -1 EAGAIN (Resource temporarily unavailable)
recvmsg(8, 0xbfc55634, 0)               = -1 EAGAIN (Resource temporarily unavailable)
recvmsg(8, 0xbfc55634, 0)               = -1 EAGAIN (Resource temporarily unavailable)
recvmsg(8, 0xbfc55634, 0)               = -1 EAGAIN (Resource temporarily unavailable)
recvmsg(8, 0xbfc55634, 0)               = -1 EAGAIN (Resource temporarily unavailable)
recvmsg(8, 0xbfc55634, 0)               = -1 EAGAIN (Resource temporarily unavailable)
recvmsg(8, 0xbfc55634, 0)               = -1 EAGAIN (Resource temporarily unavailable)
recvmsg(8, 0xbfc55634, 0)               = -1 EAGAIN (Resource temporarily unavailable)
recvmsg(8, 0xbfc55634, 0)               = -1 EAGAIN (Resource temporarily unavailable)
recvmsg(8, 0xbfc55634, 0)               = -1 EAGAIN (Resource temporarily unavailable)
recvmsg(8, 0xbfc55634, 0)               = -1 EAGAIN (Resource temporarily unavailable)
recvmsg(8, 0xbfc55634, 0)               = -1 EAGAIN (Resource temporarily unavailable)
recvmsg(8, 0xbfc55634, 0)               = -1 EAGAIN (Resource temporarily unavailable)
recvmsg(8, {msg_name(0)=NULL, msg_iov(1)=[{"\1\0)\0\0\0\0\0\1\214Y\223\0\0\0\0\0\0\0\0\0\0\0\0\0\0\0\0\0\0\0\0", 4096}], msg_controllen=0, msg_flags=0}, 0) = 32
recvmsg(8, 0xbfc55624, 0)               = -1 EAGAIN (Resource temporarily unavailable)
recvmsg(8, 0xbfc55624, 0)               = -1 EAGAIN (Resource temporarily unavailable)
recvmsg(8, {msg_name(0)=NULL, msg_iov(1)=[{"\1\0*\0\0\0\0\0\1\200\0\0\0\0\0\0\0\0\0\0\0\0\0\0\0\0\0\0\0\0\0\0", 4096}], msg_controllen=0, msg_flags=0}, 0) = 32
recvmsg(8, 0xbfc55574, 0)               = -1 EAGAIN (Resource temporarily unavailable)
recvmsg(8, 0xbfc55574, 0)               = -1 EAGAIN (Resource temporarily unavailable)
recvmsg(8, {msg_name(0)=NULL, msg_iov(1)=[{"\1\0+\0\0\0\0\0\1\0\0\0\0\0\0\0\0\0\0\0\0\0\0\0\0\0\0\0\0\0\0\0", 4096}], msg_controllen=0, msg_flags=0}, 0) = 32
recvmsg(8, 0xbfc55634, 0)               = -1 EAGAIN (Resource temporarily unavailable)
recvmsg(8, 0xbfc55634, 0)               = -1 EAGAIN (Resource temporarily unavailable)
recvmsg(8, {msg_name(0)=NULL, msg_iov(1)=[{"\1\0,\0\0\0\0\0\1\0\0\0\4\0\0\0\0\0\0\0\0\0\0\0\0\0\0\0\0\0\0\0", 4096}], msg_controllen=0, msg_flags=0}, 0) = 32
recvmsg(8, 0xbfc55714, 0)               = -1 EAGAIN (Resource temporarily unavailable)
recvmsg(8, 0xbfc55714, 0)               = -1 EAGAIN (Resource temporarily unavailable)
recvmsg(8, {msg_name(0)=NULL, msg_iov(1)=[{"\1\0-\0|\0\0\0\177Da\0\177Da\0\1\0\1\0\f\0g\0\0\0\0\0\0\0\0\0"..., 4096}], msg_controllen=0, msg_flags=0}, 0) = 528
recvmsg(8, 0xbfc55544, 0)               = -1 EAGAIN (Resource temporarily unavailable)
recvmsg(8, 0xbfc55544, 0)               = -1 EAGAIN (Resource temporarily unavailable)
recvmsg(8, {msg_name(0)=NULL, msg_iov(1)=[{"\1\0.\0\21\0\0\0\177Da\0>\0\0\0\0\0\0\0\0\0\0\0\0\0\1\0\r\0\1\0"..., 4096}], msg_controllen=0, msg_flags=0}, 0) = 100
recvmsg(8, 0xbfc55584, 0)               = -1 EAGAIN (Resource temporarily unavailable)
recvmsg(8, 0xbfc55584, 0)               = -1 EAGAIN (Resource temporarily unavailable)
recvmsg(8, {msg_name(0)=NULL, msg_iov(1)=[{"\1\0/\0\2\0\0\0\177Da\0\0\0\0\0\0\4\0\3J\0\0\0\1\0\1\0\1\0\1\0"..., 4096}], msg_controllen=0, msg_flags=0}, 0) = 40
recvmsg(8, 0xbfc555c4, 0)               = -1 EAGAIN (Resource temporarily unavailable)
recvmsg(8, 0xbfc555c4, 0)               = -1 EAGAIN (Resource temporarily unavailable)
recvmsg(8, {msg_name(0)=NULL, msg_iov(1)=[{"\1\0000\0\0\0\0\0\0\0\0\0\0\0\0\0\0\0\0\0\0\0\0\0\0\0\0\0\0\0\0\0", 4096}], msg_controllen=0, msg_flags=0}, 0) = 32
recvmsg(8, 0xbfc555c4, 0)               = -1 EAGAIN (Resource temporarily unavailable)
recvmsg(8, 0xbfc555c4, 0)               = -1 EAGAIN (Resource temporarily unavailable)
recvmsg(8, {msg_name(0)=NULL, msg_iov(1)=[{"\1\0003\0\0\0\0\0003\1\0\0\0\0\0\0\0\0\0\0\0\0\0\0\0\0\0\0\0\0\0\0"..., 4096}], msg_controllen=0, msg_flags=0}, 0) = 96
recvmsg(8, 0xbfc55474, 0)               = -1 EAGAIN (Resource temporarily unavailable)
recvmsg(8, 0xbfc55474, 0)               = -1 EAGAIN (Resource temporarily unavailable)
recvmsg(8, 0xbfc55474, 0)               = -1 EAGAIN (Resource temporarily unavailable)
recvmsg(8, 0xbfc55474, 0)               = -1 EAGAIN (Resource temporarily unavailable)
recvmsg(8, 0xbfc55474, 0)               = -1 EAGAIN (Resource temporarily unavailable)
recvmsg(8, 0xbfc55474, 0)               = -1 EAGAIN (Resource temporarily unavailable)
recvmsg(8, 0xbfc55474, 0)               = -1 EAGAIN (Resource temporarily unavailable)
recvmsg(8, 0xbfc55474, 0)               = -1 EAGAIN (Resource temporarily unavailable)
recvmsg(8, {msg_name(0)=NULL, msg_iov(1)=[{"\1\0006\0\3\0\0\0!\0\0\0\1\0\0\1\377\377\377\377\0\0\0\0\0\1\2\0 \0\0\0"..., 4096}], msg_controllen=0, msg_flags=0}, 0) = 76
recvmsg(8, 0xbfc554a4, 0)               = -1 EAGAIN (Resource temporarily unavailable)
recvmsg(8, 0xbfc554a4, 0)               = -1 EAGAIN (Resource temporarily unavailable)
recvmsg(8, 0xbfc554a4, 0)               = -1 EAGAIN (Resource temporarily unavailable)
recvmsg(8, 0xbfc554a4, 0)               = -1 EAGAIN (Resource temporarily unavailable)
recvmsg(8, {msg_name(0)=NULL, msg_iov(1)=[{"\1\0:\0\0\0\0\0\3\0\200\1\0\0\0\0\0\0\0\0\0\0\0\0\0\0\0\0\0\0\0\0", 4096}], msg_controllen=0, msg_flags=0}, 0) = 32
recvmsg(8, 0xbfc554f4, 0)               = -1 EAGAIN (Resource temporarily unavailable)
recvmsg(8, 0xbfc554f4, 0)               = -1 EAGAIN (Resource temporarily unavailable)
recvmsg(8, 0xbfc554b4, 0)               = -1 EAGAIN (Resource temporarily unavailable)
recvmsg(8, 0xbfc554d4, 0)               = -1 EAGAIN (Resource temporarily unavailable)
recvmsg(8, {msg_name(0)=NULL, msg_iov(1)=[{"\1\0=\0\3\0\0\0!\0\0\0\1\0\0\1\377\377\377\377\0\0\0\0\0\1\0\0 \0\0\0"..., 4096}], msg_controllen=0, msg_flags=0}, 0) = 76
recvmsg(8, 0xbfc55384, 0)               = -1 EAGAIN (Resource temporarily unavailable)
recvmsg(8, 0xbfc55384, 0)               = -1 EAGAIN (Resource temporarily unavailable)
recvmsg(8, 0xbfc55384, 0)               = -1 EAGAIN (Resource temporarily unavailable)
recvmsg(8, 0xbfc55384, 0)               = -1 EAGAIN (Resource temporarily unavailable)
recvmsg(8, {msg_name(0)=NULL, msg_iov(1)=[{"\1\0?\0\0\0\0\0k\2\0\0k\2\0\0\0\0\0\0\0\0\0\0\0\0\0\0\0\0\0\0", 4096}], msg_controllen=0, msg_flags=0}, 0) = 32
recvmsg(8, 0xbfc553e4, 0)               = -1 EAGAIN (Resource temporarily unavailable)
recvmsg(8, 0xbfc553e4, 0)               = -1 EAGAIN (Resource temporarily unavailable)
recvmsg(8, {msg_name(0)=NULL, msg_iov(1)=[{"\1\10@\0\"\1\0\0004\1\0\0\0\0\0\0\210\4\0\0\0\0\0\0\0\0\0\0\0\0\0\0"..., 4096}], msg_controllen=0, msg_flags=0}, 0) = 1192
recvmsg(8, 0xbfc553d4, 0)               = -1 EAGAIN (Resource temporarily unavailable)
recvmsg(8, 0xbfc553d4, 0)               = -1 EAGAIN (Resource temporarily unavailable)
recvmsg(8, {msg_name(0)=NULL, msg_iov(1)=[{"\34\0B\0\1\0\240\4 \1\0\0Z\203\305\1\0\0\0\0\0\0\0\0\0\0\0\0\0\0\0\0"..., 4096}], msg_controllen=0, msg_flags=0}, 0) = 352
recvmsg(8, 0xbfc554b4, 0)               = -1 EAGAIN (Resource temporarily unavailable)
recvmsg(8, {msg_name(0)=NULL, msg_iov(1)=[{"\34\0P\0\1\0\240\0046\1\0\0[\203\305\1\0\0\0\0\0\0\0\0\0\0\0\0\0\0\0\0"..., 4096}], msg_controllen=0, msg_flags=0}, 0) = 64
recvmsg(8, 0xbfc55654, 0)               = -1 EAGAIN (Resource temporarily unavailable)
recvmsg(8, {msg_name(0)=NULL, msg_iov(1)=[{"\1\0R\0\0\0\0\0\5\0\0\0\0\0\0\0\0\0\0\0\0\0\0\0\0\0\0\0\0\0\0\0", 4096}], msg_controllen=0, msg_flags=0}, 0) = 32
recvmsg(8, 0xbfc556f4, 0)               = -1 EAGAIN (Resource temporarily unavailable)
recvmsg(8, 0xbfc556f4, 0)               = -1 EAGAIN (Resource temporarily unavailable)
recvmsg(8, {msg_name(0)=NULL, msg_iov(1)=[{"\1\0S\0\0\0\0\0\1\216\0\0\0\0\0\0\0\0\0\0\0\0\0\0\0\0\0\0\0\0\0\0", 4096}], msg_controllen=0, msg_flags=0}, 0) = 32
recvmsg(8, 0xbfc55654, 0)               = -1 EAGAIN (Resource temporarily unavailable)
recvmsg(8, 0xbfc55654, 0)               = -1 EAGAIN (Resource temporarily unavailable)
recvmsg(8, {msg_name(0)=NULL, msg_iov(1)=[{"\1\0T\0\0\0\0\0\0\0\0\0\4\0\0\0\0\0\0\0\0\0\0\0\0\0\0\0\0\0\0\0", 4096}], msg_controllen=0, msg_flags=0}, 0) = 32
recvmsg(8, 0xbfc556f4, 0)               = -1 EAGAIN (Resource temporarily unavailable)
recvmsg(8, 0xbfc556f4, 0)               = -1 EAGAIN (Resource temporarily unavailable)
recvmsg(8, {msg_name(0)=NULL, msg_iov(1)=[{"\1\0U\0\0\0\0\0\1\217[\227\0\0\0\0\0\0\0\0\0\0\0\0\0\0\0\0\0\0\0\0", 4096}], msg_controllen=0, msg_flags=0}, 0) = 32
recvmsg(8, 0xbfc55654, 0)               = -1 EAGAIN (Resource temporarily unavailable)
recvmsg(8, 0xbfc55654, 0)               = -1 EAGAIN (Resource temporarily unavailable)
recvmsg(8, {msg_name(0)=NULL, msg_iov(1)=[{"\1\0V\0\0\0\0\0\1\0\0\0\1\0\0\0\0\0\0\0\0\0\0\0\0\0\0\0\0\0\0\0", 4096}], msg_controllen=0, msg_flags=0}, 0) = 32
recvmsg(8, 0xbfc556f4, 0)               = -1 EAGAIN (Resource temporarily unavailable)
recvmsg(8, 0xbfc556f4, 0)               = -1 EAGAIN (Resource temporarily unavailable)
recvmsg(8, {msg_name(0)=NULL, msg_iov(1)=[{"\1\0W\0\0\0\0\0\1\201@\0\0\0\0\0\0\0\0\0\0\0\0\0\0\0\0\0\0\0\0\0", 4096}], msg_controllen=0, msg_flags=0}, 0) = 32
recvmsg(8, 0xbfc55654, 0)               = -1 EAGAIN (Resource temporarily unavailable)
recvmsg(8, 0xbfc55654, 0)               = -1 EAGAIN (Resource temporarily unavailable)
recvmsg(8, {msg_name(0)=NULL, msg_iov(1)=[{"\1\0X\0\0\0\0\0\1\0\1\0\0\0\0\0\0\0\0\0\0\0\0\0\0\0\0\0\0\0\0\0", 4096}], msg_controllen=0, msg_flags=0}, 0) = 32
recvmsg(8, 0xbfc55724, 0)               = -1 EAGAIN (Resource temporarily unavailable)
recvmsg(8, 0xbfc55724, 0)               = -1 EAGAIN (Resource temporarily unavailable)
recvmsg(8, {msg_name(0)=NULL, msg_iov(1)=[{"\1\1Y\0\0\0\0\0k\2\0\0\255\0\340\1\346\1P\1\346\1P\1\0\0\0\0\0\0\0\0", 4096}], msg_controllen=0, msg_flags=0}, 0) = 32
recvmsg(8, 0xbfc55734, 0)               = -1 EAGAIN (Resource temporarily unavailable)
recvmsg(8, 0xbfc55734, 0)               = -1 EAGAIN (Resource temporarily unavailable)
recvmsg(8, {msg_name(0)=NULL, msg_iov(1)=[{"\1\2Z\0\0\0\0\0\5\0`\1\0\0\0\0\0\0\0\0\0\0\0\0\0\0\0\0\0\0\0\0", 4096}], msg_controllen=0, msg_flags=0}, 0) = 32
recvmsg(8, 0xbfc55714, 0)               = -1 EAGAIN (Resource temporarily unavailable)
recvmsg(8, 0xbfc55714, 0)               = -1 EAGAIN (Resource temporarily unavailable)
recvmsg(8, {msg_name(0)=NULL, msg_iov(1)=[{"\34\0[\0\1\0\240\4\"\0\0\0b\203\305\1\0\0\0\0\0\0\0\0\0\0\0\0\0\0\0\0"..., 4096}], msg_controllen=0, msg_flags=0}, 0) = 192
recvmsg(8, 0xbfc55714, 0)               = -1 EAGAIN (Resource temporarily unavailable)
recvmsg(8, {msg_name(0)=NULL, msg_iov(1)=[{"\1\0c\0\0\0\0\0\1\206S\206\0\0\0\0\0\0\0\0\0\0\0\0\0\0\0\0\0\0\0\0", 4096}], msg_controllen=0, msg_flags=0}, 0) = 32
recvmsg(8, 0xbfc55694, 0)               = -1 EAGAIN (Resource temporarily unavailable)
recvmsg(8, 0xbfc55694, 0)               = -1 EAGAIN (Resource temporarily unavailable)
recvmsg(8, {msg_name(0)=NULL, msg_iov(1)=[{"\1\0d\0\0\0\0\0\3\1\0\0\0\0\0\0\0\0\0\0\0\0\0\0\0\0\0\0\0\0\0\0", 4096}], msg_controllen=0, msg_flags=0}, 0) = 32
recvmsg(8, 0xbfc556e4, 0)               = -1 EAGAIN (Resource temporarily unavailable)
recvmsg(8, 0xbfc556e4, 0)               = -1 EAGAIN (Resource temporarily unavailable)
recvmsg(8, {msg_name(0)=NULL, msg_iov(1)=[{"\1\0e\0\0\0\0\0\1\206S\206\0\0\0\0\0\0\0\0\0\0\0\0\0\0\0\0\0\0\0\0", 4096}], msg_controllen=0, msg_flags=0}, 0) = 32
recvmsg(8, 0xbfc55604, 0)               = -1 EAGAIN (Resource temporarily unavailable)
recvmsg(8, 0xbfc55604, 0)               = -1 EAGAIN (Resource temporarily unavailable)
recvmsg(8, {msg_name(0)=NULL, msg_iov(1)=[{"\1\0f\0\0\0\0\0\1\202A\200\0\0\0\0\0\0\0\0\0\0\0\0\0\0\0\0\0\0\0\0", 4096}], msg_controllen=0, msg_flags=0}, 0) = 32
recvmsg(8, 0xbfc55604, 0)               = -1 EAGAIN (Resource temporarily unavailable)
recvmsg(8, 0xbfc55604, 0)               = -1 EAGAIN (Resource temporarily unavailable)
recvmsg(8, {msg_name(0)=NULL, msg_iov(1)=[{"\1\1g\0\0\0\0\0\1\0\2\0\0\0\0\0\2\0\0\0\0\0\0\0\0\0\0\0\0\0\0\0", 4096}], msg_controllen=0, msg_flags=0}, 0) = 32
recvmsg(8, 0xbfc556d4, 0)               = -1 EAGAIN (Resource temporarily unavailable)
recvmsg(8, 0xbfc556d4, 0)               = -1 EAGAIN (Resource temporarily unavailable)
recvmsg(8, {msg_name(0)=NULL, msg_iov(1)=[{"\1\0h\0\0\0\0\0\1\203B\201\0\0\0\0\0\0\0\0\0\0\0\0\0\0\0\0\0\0\0\0", 4096}], msg_controllen=0, msg_flags=0}, 0) = 32
recvmsg(8, 0xbfc55664, 0)               = -1 EAGAIN (Resource temporarily unavailable)
recvmsg(8, 0xbfc55664, 0)               = -1 EAGAIN (Resource temporarily unavailable)
recvmsg(8, {msg_name(0)=NULL, msg_iov(1)=[{"\1\0i\0\0\0\0\0\1\203B\201\0\0\0\0\0\0\0\0\0\0\0\0\0\0\0\0\0\0\0\0", 4096}], msg_controllen=0, msg_flags=0}, 0) = 32
recvmsg(8, 0xbfc55584, 0)               = -1 EAGAIN (Resource temporarily unavailable)
recvmsg(8, 0xbfc55584, 0)               = -1 EAGAIN (Resource temporarily unavailable)
recvmsg(8, {msg_name(0)=NULL, msg_iov(1)=[{"\1\1j\0\0\0\0\0\2\0\3\0\1\0\0\0\0\0\0\0\0\0\0\0\0\0\0\0\0\0\0\0", 4096}], msg_controllen=0, msg_flags=0}, 0) = 32
recvmsg(8, 0xbfc55584, 0)               = -1 EAGAIN (Resource temporarily unavailable)
recvmsg(8, 0xbfc55584, 0)               = -1 EAGAIN (Resource temporarily unavailable)
recvmsg(8, {msg_name(0)=NULL, msg_iov(1)=[{"\1\0k\0\0\0\0\0\1\203B\201\0\0\0\0\0\0\0\0\0\0\0\0\0\0\0\0\0\0\0\0", 4096}], msg_controllen=0, msg_flags=0}, 0) = 32
recvmsg(8, 0xbfc554f4, 0)               = -1 EAGAIN (Resource temporarily unavailable)
recvmsg(8, 0xbfc554f4, 0)               = -1 EAGAIN (Resource temporarily unavailable)
recvmsg(8, {msg_name(0)=NULL, msg_iov(1)=[{"\1\1l\0\0\0\0\0\2\0\3\0\1\0\0\0\0\0\0\0\0\0\0\0\0\0\0\0\0\0\0\0", 4096}], msg_controllen=0, msg_flags=0}, 0) = 32
recvmsg(8, 0xbfc555a4, 0)               = -1 EAGAIN (Resource temporarily unavailable)
recvmsg(8, 0xbfc555a4, 0)               = -1 EAGAIN (Resource temporarily unavailable)
recvmsg(8, {msg_name(0)=NULL, msg_iov(1)=[{"\1\2m\0\234\0\0\0\v\0\0\0\0\0\0\0\0\0\0\0\0\0\0\0\0\0\0\0\0\0\0\0"..., 4096}], msg_controllen=0, msg_flags=0}, 0) = 656
recvmsg(8, 0xbfc55634, 0)               = -1 EAGAIN (Resource temporarily unavailable)
recvmsg(8, 0xbfc55634, 0)               = -1 EAGAIN (Resource temporarily unavailable)
recvmsg(8, {msg_name(0)=NULL, msg_iov(1)=[{"\1\3n\0\2\0\0\0\4\0\0\0\0\0\0\0\0\0\0\0\0\0\0\0\0\0\0\0\0\0\0\0"..., 4096}], msg_controllen=0, msg_flags=0}, 0) = 40
recvmsg(8, 0xbfc55654, 0)               = -1 EAGAIN (Resource temporarily unavailable)
recvmsg(8, 0xbfc55654, 0)               = -1 EAGAIN (Resource temporarily unavailable)
recvmsg(8, {msg_name(0)=NULL, msg_iov(1)=[{"\1\3o\0\2\0\0\0\4\0\0\0\0\0\0\0\0\0\0\0\0\0\0\0\0\0\0\0\0\0\0\0"..., 4096}], msg_controllen=0, msg_flags=0}, 0) = 40
recvmsg(8, 0xbfc55654, 0)               = -1 EAGAIN (Resource temporarily unavailable)
recvmsg(8, 0xbfc55654, 0)               = -1 EAGAIN (Resource temporarily unavailable)
recvmsg(8, {msg_name(0)=NULL, msg_iov(1)=[{"\1\3p\0\2\0\0\0\4\0\0\0\0\0\0\0\0\0\0\0\0\0\0\0\0\0\0\0\0\0\0\0"..., 4096}], msg_controllen=0, msg_flags=0}, 0) = 40
recvmsg(8, 0xbfc55654, 0)               = -1 EAGAIN (Resource temporarily unavailable)
recvmsg(8, 0xbfc55654, 0)               = -1 EAGAIN (Resource temporarily unavailable)
recvmsg(8, {msg_name(0)=NULL, msg_iov(1)=[{"\1\3q\0\2\0\0\0\4\0\0\0\0\0\0\0\0\0\0\0\0\0\0\0\0\0\0\0\0\0\0\0"..., 4096}], msg_controllen=0, msg_flags=0}, 0) = 40
recvmsg(8, 0xbfc55654, 0)               = -1 EAGAIN (Resource temporarily unavailable)
recvmsg(8, 0xbfc55654, 0)               = -1 EAGAIN (Resource temporarily unavailable)
recvmsg(8, {msg_name(0)=NULL, msg_iov(1)=[{"\1\0s\0\0\0\0\0\0\0\0\0\0\0\0\0\0\0\0\0\0\0\0\0\0\0\0\0\0\0\0\0", 4096}], msg_controllen=0, msg_flags=0}, 0) = 32
recvmsg(8, 0xbfc556f4, 0)               = -1 EAGAIN (Resource temporarily unavailable)
recvmsg(8, 0xbfc556f4, 0)               = -1 EAGAIN (Resource temporarily unavailable)
recvmsg(8, {msg_name(0)=NULL, msg_iov(1)=[{"\1\0t\0\0\0\0\0\1\213\0\216\0\0\0\0\0\0\0\0\0\0\0\0\0\0\0\0\0\0\0\0", 4096}], msg_controllen=0, msg_flags=0}, 0) = 32
recvmsg(8, 0xbfc549a4, 0)               = -1 EAGAIN (Resource temporarily unavailable)
recvmsg(8, 0xbfc549a4, 0)               = -1 EAGAIN (Resource temporarily unavailable)
recvmsg(8, {msg_name(0)=NULL, msg_iov(1)=[{"\1\0u\0\0\0\0\0\0\0\0\0\v\0\0\0\0\0\0\0\0\0\0\0\0\0\0\0\0\0\0\0"..., 4096}], msg_controllen=0, msg_flags=0}, 0) = 2836
recvmsg(8, 0xbfc54a04, 0)               = -1 EAGAIN (Resource temporarily unavailable)
recvmsg(8, 0xbfc54a04, 0)               = -1 EAGAIN (Resource temporarily unavailable)
recvmsg(8, 0xbfc54a04, 0)               = -1 EAGAIN (Resource temporarily unavailable)
recvmsg(8, 0xbfc54a04, 0)               = -1 EAGAIN (Resource temporarily unavailable)
socket(PF_LOCAL, SOCK_STREAM, 0)        = 9
connect(9, {sa_family=AF_LOCAL, sun_path=@"/tmp/.ICE-unix/5897"}, 22) = 0
recvmsg(8, {msg_name(0)=NULL, msg_iov(1)=[{"\34\0x\0\3\0\240\4 \1\0\0\351\203\305\1\0\0\0\0\0\0\0\0\0\0\0\0\0\0\0\0"..., 4096}], msg_controllen=0, msg_flags=0}, 0) = 672
recvmsg(8, 0xbfc55004, 0)               = -1 EAGAIN (Resource temporarily unavailable)
recvmsg(8, 0xbfc55004, 0)               = -1 EAGAIN (Resource temporarily unavailable)
recvmsg(8, 0xbfc55004, 0)               = -1 EAGAIN (Resource temporarily unavailable)
recvmsg(8, 0xbfc55004, 0)               = -1 EAGAIN (Resource temporarily unavailable)
recvmsg(8, 0xbfc55004, 0)               = -1 EAGAIN (Resource temporarily unavailable)
recvmsg(8, 0xbfc55004, 0)               = -1 EAGAIN (Resource temporarily unavailable)
recvmsg(8, 0xbfc55004, 0)               = -1 EAGAIN (Resource temporarily unavailable)
recvmsg(8, 0xbfc55004, 0)               = -1 EAGAIN (Resource temporarily unavailable)
recvmsg(8, 0xbfc55004, 0)               = -1 EAGAIN (Resource temporarily unavailable)
recvmsg(8, 0xbfc55004, 0)               = -1 EAGAIN (Resource temporarily unavailable)
recvmsg(8, 0xbfc55004, 0)               = -1 EAGAIN (Resource temporarily unavailable)
recvmsg(8, 0xbfc55004, 0)               = -1 EAGAIN (Resource temporarily unavailable)
recvmsg(8, 0xbfc55004, 0)               = -1 EAGAIN (Resource temporarily unavailable)
recvmsg(8, 0xbfc55004, 0)               = -1 EAGAIN (Resource temporarily unavailable)
recvmsg(8, 0xbfc55004, 0)               = -1 EAGAIN (Resource temporarily unavailable)
recvmsg(8, 0xbfc55004, 0)               = -1 EAGAIN (Resource temporarily unavailable)
recvmsg(8, 0xbfc55004, 0)               = -1 EAGAIN (Resource temporarily unavailable)
recvmsg(8, 0xbfc55004, 0)               = -1 EAGAIN (Resource temporarily unavailable)
recvmsg(8, 0xbfc55004, 0)               = -1 EAGAIN (Resource temporarily unavailable)
recvmsg(8, 0xbfc55004, 0)               = -1 EAGAIN (Resource temporarily unavailable)
recvmsg(8, 0xbfc55004, 0)               = -1 EAGAIN (Resource temporarily unavailable)
recvmsg(8, 0xbfc55004, 0)               = -1 EAGAIN (Resource temporarily unavailable)
recvmsg(8, 0xbfc55004, 0)               = -1 EAGAIN (Resource temporarily unavailable)
recvmsg(8, 0xbfc55004, 0)               = -1 EAGAIN (Resource temporarily unavailable)
recvmsg(8, 0xbfc55004, 0)               = -1 EAGAIN (Resource temporarily unavailable)
recvmsg(8, 0xbfc55004, 0)               = -1 EAGAIN (Resource temporarily unavailable)
recvmsg(8, 0xbfc55004, 0)               = -1 EAGAIN (Resource temporarily unavailable)
recvmsg(8, 0xbfc55004, 0)               = -1 EAGAIN (Resource temporarily unavailable)
recvmsg(8, 0xbfc55004, 0)               = -1 EAGAIN (Resource temporarily unavailable)
recvmsg(8, 0xbfc55004, 0)               = -1 EAGAIN (Resource temporarily unavailable)
recvmsg(8, 0xbfc55004, 0)               = -1 EAGAIN (Resource temporarily unavailable)
recvmsg(8, 0xbfc55004, 0)               = -1 EAGAIN (Resource temporarily unavailable)
recvmsg(8, 0xbfc55004, 0)               = -1 EAGAIN (Resource temporarily unavailable)
recvmsg(8, 0xbfc55004, 0)               = -1 EAGAIN (Resource temporarily unavailable)
recvmsg(8, 0xbfc55004, 0)               = -1 EAGAIN (Resource temporarily unavailable)
recvmsg(8, 0xbfc55004, 0)               = -1 EAGAIN (Resource temporarily unavailable)
recvmsg(8, 0xbfc55004, 0)               = -1 EAGAIN (Resource temporarily unavailable)
recvmsg(8, 0xbfc55004, 0)               = -1 EAGAIN (Resource temporarily unavailable)
recvmsg(8, 0xbfc55004, 0)               = -1 EAGAIN (Resource temporarily unavailable)
recvmsg(8, 0xbfc55004, 0)               = -1 EAGAIN (Resource temporarily unavailable)
recvmsg(8, 0xbfc55004, 0)               = -1 EAGAIN (Resource temporarily unavailable)
recvmsg(8, 0xbfc55004, 0)               = -1 EAGAIN (Resource temporarily unavailable)
recvmsg(8, 0xbfc55004, 0)               = -1 EAGAIN (Resource temporarily unavailable)
recvmsg(8, 0xbfc55004, 0)               = -1 EAGAIN (Resource temporarily unavailable)
recvmsg(8, 0xbfc55004, 0)               = -1 EAGAIN (Resource temporarily unavailable)
recvmsg(8, 0xbfc55004, 0)               = -1 EAGAIN (Resource temporarily unavailable)
recvmsg(8, 0xbfc55004, 0)               = -1 EAGAIN (Resource temporarily unavailable)
recvmsg(8, 0xbfc55004, 0)               = -1 EAGAIN (Resource temporarily unavailable)
recvmsg(8, 0xbfc55004, 0)               = -1 EAGAIN (Resource temporarily unavailable)
recvmsg(8, 0xbfc55004, 0)               = -1 EAGAIN (Resource temporarily unavailable)
recvmsg(8, 0xbfc55004, 0)               = -1 EAGAIN (Resource temporarily unavailable)
socket(PF_INET, SOCK_DGRAM|SOCK_CLOEXEC|SOCK_NONBLOCK, IPPROTO_IP) = 13
setsockopt(13, SOL_SOCKET, SO_BROADCAST, [1], 4) = 0
setsockopt(13, SOL_IP, IP_PKTINFO, [1], 4) = 0
setsockopt(13, SOL_IP, IP_RECVTTL, [1], 4) = 0
setsockopt(13, SOL_SOCKET, SO_REUSEADDR, [1], 4) = 0
bind(13, {sa_family=AF_INET, sin_port=htons(45454), sin_addr=inet_addr("0.0.0.0")}, 16) = 0
getsockname(13, {sa_family=AF_INET, sin_port=htons(45454), sin_addr=inet_addr("0.0.0.0")}, [16]) = 0
getpeername(13, 0xbfc55d90, [16])       = -1 ENOTCONN (Transport endpoint is not connected)
getsockopt(13, SOL_SOCKET, SO_TYPE, [2], [4]) = 0
setsockopt(13, SOL_IP, IP_ADD_MEMBERSHIP, "\357\377+\25\0\0\0\0", 8) = 0
recvmsg(8, 0xbfc55974, 0)               = -1 EAGAIN (Resource temporarily unavailable)
recvmsg(8, {msg_name(0)=NULL, msg_iov(1)=[{"\34\0\272\0\3\0\240\4\220\1\0\0\324\204\305\1\0\0\0\0\0\0\0\0\0\0\0\0\0\0\0\0"..., 4096}], msg_controllen=0, msg_flags=0}, 0) = 512
recvmsg(8, 0xbfc55a14, 0)               = -1 EAGAIN (Resource temporarily unavailable)
recvmsg(8, 0xbfc55974, 0)               = -1 EAGAIN (Resource temporarily unavailable)
recvmsg(8, 0xbfc55a14, 0)               = -1 EAGAIN (Resource temporarily unavailable)
recvmsg(8, 0xbfc55a14, 0)               = -1 EAGAIN (Resource temporarily unavailable)
recvmsg(8, 0xbfc55a14, 0)               = -1 EAGAIN (Resource temporarily unavailable)
recvmsg(8, 0xbfc55a14, 0)               = -1 EAGAIN (Resource temporarily unavailable)
recvmsg(8, 0xbfc55a14, 0)               = -1 EAGAIN (Resource temporarily unavailable)
recvmsg(8, 0xbfc55a14, 0)               = -1 EAGAIN (Resource temporarily unavailable)
recvmsg(8, 0xbfc55a14, 0)               = -1 EAGAIN (Resource temporarily unavailable)
recvmsg(8, 0xbfc55a14, 0)               = -1 EAGAIN (Resource temporarily unavailable)
recvmsg(8, {msg_name(0)=NULL, msg_iov(1)=[{"\1\1\23\1\0\0\0\0\4\0\300\3\0\0\0\0\0\0\0\0\0\0\0\0\0\0\0\0\0\0\0\0", 4096}], msg_controllen=0, msg_flags=0}, 0) = 32
recvmsg(8, 0xbfc522c4, 0)               = -1 EAGAIN (Resource temporarily unavailable)
recvmsg(8, {msg_name(0)=NULL, msg_iov(1)=[{"\16\0\26\1L\0\240\4\0\0>\0\0\0\0\0\0\0\0\0\0\0\0\0\0\0\0\0\0\0\0\0"..., 4096}], msg_controllen=0, msg_flags=0}, 0) = 64
recvmsg(8, 0xbfc52204, 0)               = -1 EAGAIN (Resource temporarily unavailable)
recvmsg(8, {msg_name(0)=NULL, msg_iov(1)=[{"\16\0'\1L\0\240\4\0\0>\0\0\0\0\0\0\0\0\0\0\0\0\0\0\0\0\0\0\0\0\0"..., 4096}], msg_controllen=0, msg_flags=0}, 0) = 64
recvmsg(8, 0xbfc52204, 0)               = -1 EAGAIN (Resource temporarily unavailable)
recvmsg(8, {msg_name(0)=NULL, msg_iov(1)=[{"\16\0.\1L\0\240\4\0\0>\0\0\0\0\0\0\0\0\0\0\0\0\0\0\0\0\0\0\0\0\0", 4096}], msg_controllen=0, msg_flags=0}, 0) = 32
recvmsg(8, {msg_name(0)=NULL, msg_iov(1)=[{"\1\1/\1\0\0\0\0\4\0\300\3\0\0\0\0\0\0\0\0\0\0\0\0\0\0\0\0\0\0\0\0", 4096}], msg_controllen=0, msg_flags=0}, 0) = 32
recvmsg(8, 0xbfc52094, 0)               = -1 EAGAIN (Resource temporarily unavailable)
recvmsg(8, {msg_name(0)=NULL, msg_iov(1)=[{"\16\0003\1L\0\240\4\0\0>\0\0\0\0\0\0\0\0\0\0\0\0\0\0\0\0\0\0\0\0\0"..., 4096}], msg_controllen=0, msg_flags=0}, 0) = 64
recvmsg(8, 0xbfc52094, 0)               = -1 EAGAIN (Resource temporarily unavailable)
recvmsg(8, {msg_name(0)=NULL, msg_iov(1)=[{"\16\0Z\1L\0\240\4\0\0>\0\0\0\0\0\0\0\0\0\0\0\0\0\0\0\0\0\0\0\0\0"..., 4096}], msg_controllen=0, msg_flags=0}, 0) = 64
recvmsg(8, 0xbfc52094, 0)               = -1 EAGAIN (Resource temporarily unavailable)
recvmsg(8, {msg_name(0)=NULL, msg_iov(1)=[{"\16\0m\1L\0\240\4\0\0>\0\0\0\0\0\0\0\0\0\0\0\0\0\0\0\0\0\0\0\0\0"..., 4096}], msg_controllen=0, msg_flags=0}, 0) = 64
recvmsg(8, 0xbfc52094, 0)               = -1 EAGAIN (Resource temporarily unavailable)
recvmsg(8, {msg_name(0)=NULL, msg_iov(1)=[{"\16\0\202\1L\0\240\4\0\0>\0\0\0\0\0\0\0\0\0\0\0\0\0\0\0\0\0\0\0\0\0"..., 4096}], msg_controllen=0, msg_flags=0}, 0) = 64
recvmsg(8, 0xbfc52054, 0)               = -1 EAGAIN (Resource temporarily unavailable)
recvmsg(8, {msg_name(0)=NULL, msg_iov(1)=[{"\16\0\225\1L\0\240\4\0\0>\0\0\0\0\0\0\0\0\0\0\0\0\0\0\0\0\0\0\0\0\0"..., 4096}], msg_controllen=0, msg_flags=0}, 0) = 64
recvmsg(8, 0xbfc52054, 0)               = -1 EAGAIN (Resource temporarily unavailable)
recvmsg(8, {msg_name(0)=NULL, msg_iov(1)=[{"\16\0\245\1L\0\240\4\0\0>\0\0\0\0\0\0\0\0\0\0\0\0\0\0\0\0\0\0\0\0\0"..., 4096}], msg_controllen=0, msg_flags=0}, 0) = 64
recvmsg(8, 0xbfc53874, 0)               = -1 EAGAIN (Resource temporarily unavailable)
recvmsg(8, {msg_name(0)=NULL, msg_iov(1)=[{"\16\0\265\1L\0\240\4\0\0>\0\0\0\0\0\0\0\0\0\0\0\0\0\0\0\0\0\0\0\0\0"..., 4096}], msg_controllen=0, msg_flags=0}, 0) = 64
recvmsg(8, 0xbfc53874, 0)               = -1 EAGAIN (Resource temporarily unavailable)
recvmsg(8, 0xbfc55a14, 0)               = -1 EAGAIN (Resource temporarily unavailable)
recvmsg(8, 0xbfc55a14, 0)               = -1 EAGAIN (Resource temporarily unavailable)
recvmsg(8, 0xbfc55a14, 0)               = -1 EAGAIN (Resource temporarily unavailable)
recvmsg(8, 0xbfc55a14, 0)               = -1 EAGAIN (Resource temporarily unavailable)
recvmsg(8, 0xbfc55a14, 0)               = -1 EAGAIN (Resource temporarily unavailable)
recvmsg(8, 0xbfc55a14, 0)               = -1 EAGAIN (Resource temporarily unavailable)
recvmsg(8, 0xbfc55a14, 0)               = -1 EAGAIN (Resource temporarily unavailable)
recvmsg(8, 0xbfc55a14, 0)               = -1 EAGAIN (Resource temporarily unavailable)
recvmsg(8, 0xbfc55a14, 0)               = -1 EAGAIN (Resource temporarily unavailable)
recvmsg(8, 0xbfc55a14, 0)               = -1 EAGAIN (Resource temporarily unavailable)
recvmsg(8, 0xbfc55a14, 0)               = -1 EAGAIN (Resource temporarily unavailable)
recvmsg(8, 0xbfc55a14, 0)               = -1 EAGAIN (Resource temporarily unavailable)
recvmsg(8, 0xbfc55a14, 0)               = -1 EAGAIN (Resource temporarily unavailable)
recvmsg(8, 0xbfc55a14, 0)               = -1 EAGAIN (Resource temporarily unavailable)
recvmsg(8, 0xbfc55a14, 0)               = -1 EAGAIN (Resource temporarily unavailable)
recvmsg(8, 0xbfc55a14, 0)               = -1 EAGAIN (Resource temporarily unavailable)
recvmsg(8, 0xbfc55a14, 0)               = -1 EAGAIN (Resource temporarily unavailable)
recvmsg(8, 0xbfc55a14, 0)               = -1 EAGAIN (Resource temporarily unavailable)
recvmsg(8, 0xbfc55a14, 0)               = -1 EAGAIN (Resource temporarily unavailable)
recvmsg(8, 0xbfc55a14, 0)               = -1 EAGAIN (Resource temporarily unavailable)
recvmsg(8, 0xbfc55a14, 0)               = -1 EAGAIN (Resource temporarily unavailable)
recvmsg(8, 0xbfc55a14, 0)               = -1 EAGAIN (Resource temporarily unavailable)
recvmsg(8, 0xbfc55a14, 0)               = -1 EAGAIN (Resource temporarily unavailable)
recvmsg(8, 0xbfc55a14, 0)               = -1 EAGAIN (Resource temporarily unavailable)
recvmsg(8, 0xbfc55a14, 0)               = -1 EAGAIN (Resource temporarily unavailable)
recvmsg(8, 0xbfc55a14, 0)               = -1 EAGAIN (Resource temporarily unavailable)
recvmsg(8, 0xbfc55a14, 0)               = -1 EAGAIN (Resource temporarily unavailable)
recvmsg(8, 0xbfc55a14, 0)               = -1 EAGAIN (Resource temporarily unavailable)
recvmsg(8, 0xbfc55a14, 0)               = -1 EAGAIN (Resource temporarily unavailable)
recvmsg(8, 0xbfc55a14, 0)               = -1 EAGAIN (Resource temporarily unavailable)
recvmsg(8, 0xbfc55a14, 0)               = -1 EAGAIN (Resource temporarily unavailable)
recvmsg(8, 0xbfc55a14, 0)               = -1 EAGAIN (Resource temporarily unavailable)
recvmsg(8, 0xbfc55a14, 0)               = -1 EAGAIN (Resource temporarily unavailable)
recvmsg(8, 0xbfc55a14, 0)               = -1 EAGAIN (Resource temporarily unavailable)
recvmsg(8, 0xbfc55a14, 0)               = -1 EAGAIN (Resource temporarily unavailable)
recvmsg(8, 0xbfc55a14, 0)               = -1 EAGAIN (Resource temporarily unavailable)
recvmsg(8, 0xbfc55a14, 0)               = -1 EAGAIN (Resource temporarily unavailable)
recvmsg(8, 0xbfc55a14, 0)               = -1 EAGAIN (Resource temporarily unavailable)
recvmsg(8, 0xbfc55a14, 0)               = -1 EAGAIN (Resource temporarily unavailable)
recvmsg(8, 0xbfc55a14, 0)               = -1 EAGAIN (Resource temporarily unavailable)
recvmsg(8, 0xbfc55a14, 0)               = -1 EAGAIN (Resource temporarily unavailable)
recvmsg(8, 0xbfc55a14, 0)               = -1 EAGAIN (Resource temporarily unavailable)
recvmsg(8, 0xbfc55a14, 0)               = -1 EAGAIN (Resource temporarily unavailable)
recvmsg(8, 0xbfc55a14, 0)               = -1 EAGAIN (Resource temporarily unavailable)
recvmsg(8, 0xbfc55a14, 0)               = -1 EAGAIN (Resource temporarily unavailable)
recvmsg(8, 0xbfc55a14, 0)               = -1 EAGAIN (Resource temporarily unavailable)
recvmsg(8, 0xbfc55a14, 0)               = -1 EAGAIN (Resource temporarily unavailable)
recvmsg(8, 0xbfc55a14, 0)               = -1 EAGAIN (Resource temporarily unavailable)
recvmsg(8, 0xbfc55a14, 0)               = -1 EAGAIN (Resource temporarily unavailable)
recvmsg(8, 0xbfc55a14, 0)               = -1 EAGAIN (Resource temporarily unavailable)
recvmsg(8, 0xbfc55a14, 0)               = -1 EAGAIN (Resource temporarily unavailable)
recvmsg(8, 0xbfc55a14, 0)               = -1 EAGAIN (Resource temporarily unavailable)
recvmsg(8, 0xbfc55a14, 0)               = -1 EAGAIN (Resource temporarily unavailable)
recvmsg(8, 0xbfc55a14, 0)               = -1 EAGAIN (Resource temporarily unavailable)
recvmsg(8, 0xbfc55a14, 0)               = -1 EAGAIN (Resource temporarily unavailable)
recvmsg(8, 0xbfc55a14, 0)               = -1 EAGAIN (Resource temporarily unavailable)
recvmsg(8, 0xbfc55a14, 0)               = -1 EAGAIN (Resource temporarily unavailable)
recvmsg(8, 0xbfc55a14, 0)               = -1 EAGAIN (Resource temporarily unavailable)
recvmsg(8, 0xbfc55a14, 0)               = -1 EAGAIN (Resource temporarily unavailable)
recvmsg(8, 0xbfc55a14, 0)               = -1 EAGAIN (Resource temporarily unavailable)
recvmsg(8, 0xbfc55a14, 0)               = -1 EAGAIN (Resource temporarily unavailable)
recvmsg(8, 0xbfc55a14, 0)               = -1 EAGAIN (Resource temporarily unavailable)
recvmsg(8, 0xbfc55a14, 0)               = -1 EAGAIN (Resource temporarily unavailable)
recvmsg(8, 0xbfc55a14, 0)               = -1 EAGAIN (Resource temporarily unavailable)
recvmsg(8, 0xbfc55a14, 0)               = -1 EAGAIN (Resource temporarily unavailable)
recvmsg(8, 0xbfc55a14, 0)               = -1 EAGAIN (Resource temporarily unavailable)
recvmsg(8, 0xbfc55a14, 0)               = -1 EAGAIN (Resource temporarily unavailable)
recvmsg(8, 0xbfc55a14, 0)               = -1 EAGAIN (Resource temporarily unavailable)
recvmsg(8, 0xbfc55a14, 0)               = -1 EAGAIN (Resource temporarily unavailable)
recvmsg(8, 0xbfc55a14, 0)               = -1 EAGAIN (Resource temporarily unavailable)
recvmsg(8, 0xbfc55a14, 0)               = -1 EAGAIN (Resource temporarily unavailable)
recvmsg(8, 0xbfc55a14, 0)               = -1 EAGAIN (Resource temporarily unavailable)
recvmsg(8, 0xbfc55a14, 0)               = -1 EAGAIN (Resource temporarily unavailable)
recvmsg(8, 0xbfc55a14, 0)               = -1 EAGAIN (Resource temporarily unavailable)
recvmsg(8, 0xbfc55a14, 0)               = -1 EAGAIN (Resource temporarily unavailable)
recvmsg(8, 0xbfc55a14, 0)               = -1 EAGAIN (Resource temporarily unavailable)
recvmsg(8, 0xbfc55a14, 0)               = -1 EAGAIN (Resource temporarily unavailable)
recvmsg(8, 0xbfc55a14, 0)               = -1 EAGAIN (Resource temporarily unavailable)
recvmsg(8, 0xbfc55a14, 0)               = -1 EAGAIN (Resource temporarily unavailable)
recvmsg(8, 0xbfc55a14, 0)               = -1 EAGAIN (Resource temporarily unavailable)
recvmsg(8, 0xbfc55a14, 0)               = -1 EAGAIN (Resource temporarily unavailable)
recvmsg(8, 0xbfc55a14, 0)               = -1 EAGAIN (Resource temporarily unavailable)
recvmsg(8, 0xbfc55a14, 0)               = -1 EAGAIN (Resource temporarily unavailable)
recvmsg(8, 0xbfc55a14, 0)               = -1 EAGAIN (Resource temporarily unavailable)
recvmsg(8, 0xbfc55a14, 0)               = -1 EAGAIN (Resource temporarily unavailable)
recvmsg(8, 0xbfc55a14, 0)               = -1 EAGAIN (Resource temporarily unavailable)
recvmsg(8, 0xbfc55a14, 0)               = -1 EAGAIN (Resource temporarily unavailable)
recvmsg(8, 0xbfc55a14, 0)               = -1 EAGAIN (Resource temporarily unavailable)
recvmsg(8, 0xbfc55a14, 0)               = -1 EAGAIN (Resource temporarily unavailable)
recvmsg(8, 0xbfc55a14, 0)               = -1 EAGAIN (Resource temporarily unavailable)
recvmsg(8, 0xbfc55a14, 0)               = -1 EAGAIN (Resource temporarily unavailable)
recvmsg(8, 0xbfc55a14, 0)               = -1 EAGAIN (Resource temporarily unavailable)
recvmsg(8, 0xbfc55a14, 0)               = -1 EAGAIN (Resource temporarily unavailable)
recvmsg(8, 0xbfc55a14, 0)               = -1 EAGAIN (Resource temporarily unavailable)
recvmsg(8, 0xbfc55a14, 0)               = -1 EAGAIN (Resource temporarily unavailable)
recvmsg(8, 0xbfc55a14, 0)               = -1 EAGAIN (Resource temporarily unavailable)
recvmsg(8, 0xbfc55a14, 0)               = -1 EAGAIN (Resource temporarily unavailable)
recvmsg(8, 0xbfc55a14, 0)               = -1 EAGAIN (Resource temporarily unavailable)
recvmsg(8, 0xbfc55a14, 0)               = -1 EAGAIN (Resource temporarily unavailable)
recvmsg(8, 0xbfc55a14, 0)               = -1 EAGAIN (Resource temporarily unavailable)
recvmsg(8, 0xbfc55a14, 0)               = -1 EAGAIN (Resource temporarily unavailable)
recvmsg(8, 0xbfc55a14, 0)               = -1 EAGAIN (Resource temporarily unavailable)
recvmsg(8, 0xbfc55a14, 0)               = -1 EAGAIN (Resource temporarily unavailable)
recvmsg(8, 0xbfc55a14, 0)               = -1 EAGAIN (Resource temporarily unavailable)
recvmsg(8, 0xbfc55a14, 0)               = -1 EAGAIN (Resource temporarily unavailable)
recvmsg(8, 0xbfc55a14, 0)               = -1 EAGAIN (Resource temporarily unavailable)
recvmsg(8, 0xbfc55a14, 0)               = -1 EAGAIN (Resource temporarily unavailable)
recvmsg(8, 0xbfc55a14, 0)               = -1 EAGAIN (Resource temporarily unavailable)
recvmsg(8, 0xbfc55a14, 0)               = -1 EAGAIN (Resource temporarily unavailable)
recvmsg(8, 0xbfc55a14, 0)               = -1 EAGAIN (Resource temporarily unavailable)
recvmsg(8, 0xbfc55a14, 0)               = -1 EAGAIN (Resource temporarily unavailable)
recvmsg(8, 0xbfc55a14, 0)               = -1 EAGAIN (Resource temporarily unavailable)
recvmsg(8, 0xbfc55a14, 0)               = -1 EAGAIN (Resource temporarily unavailable)
recvmsg(8, 0xbfc55a14, 0)               = -1 EAGAIN (Resource temporarily unavailable)
recvmsg(8, 0xbfc55a14, 0)               = -1 EAGAIN (Resource temporarily unavailable)
recvmsg(8, 0xbfc55a14, 0)               = -1 EAGAIN (Resource temporarily unavailable)
recvmsg(8, 0xbfc55a14, 0)               = -1 EAGAIN (Resource temporarily unavailable)
recvmsg(8, 0xbfc55a14, 0)               = -1 EAGAIN (Resource temporarily unavailable)
recvmsg(8, 0xbfc55a14, 0)               = -1 EAGAIN (Resource temporarily unavailable)
recvmsg(8, 0xbfc55a14, 0)               = -1 EAGAIN (Resource temporarily unavailable)
recvmsg(8, 0xbfc55a14, 0)               = -1 EAGAIN (Resource temporarily unavailable)
recvmsg(8, 0xbfc55a14, 0)               = -1 EAGAIN (Resource temporarily unavailable)
recvmsg(8, 0xbfc55a14, 0)               = -1 EAGAIN (Resource temporarily unavailable)
recvmsg(8, 0xbfc55a14, 0)               = -1 EAGAIN (Resource temporarily unavailable)
recvmsg(8, 0xbfc55a14, 0)               = -1 EAGAIN (Resource temporarily unavailable)
recvmsg(8, 0xbfc55a14, 0)               = -1 EAGAIN (Resource temporarily unavailable)
recvmsg(8, 0xbfc55a14, 0)               = -1 EAGAIN (Resource temporarily unavailable)
recvmsg(8, 0xbfc55a14, 0)               = -1 EAGAIN (Resource temporarily unavailable)
recvmsg(8, 0xbfc55a14, 0)               = -1 EAGAIN (Resource temporarily unavailable)
recvmsg(8, 0xbfc55a14, 0)               = -1 EAGAIN (Resource temporarily unavailable)
recvmsg(8, 0xbfc55a14, 0)               = -1 EAGAIN (Resource temporarily unavailable)
recvmsg(8, 0xbfc55a14, 0)               = -1 EAGAIN (Resource temporarily unavailable)
recvmsg(8, 0xbfc55a14, 0)               = -1 EAGAIN (Resource temporarily unavailable)
recvmsg(8, 0xbfc55a14, 0)               = -1 EAGAIN (Resource temporarily unavailable)
recvmsg(8, 0xbfc55a14, 0)               = -1 EAGAIN (Resource temporarily unavailable)
recvmsg(8, 0xbfc55a14, 0)               = -1 EAGAIN (Resource temporarily unavailable)
recvmsg(8, 0xbfc55a14, 0)               = -1 EAGAIN (Resource temporarily unavailable)
recvmsg(8, 0xbfc55a14, 0)               = -1 EAGAIN (Resource temporarily unavailable)
recvmsg(8, 0xbfc55a14, 0)               = -1 EAGAIN (Resource temporarily unavailable)
recvmsg(8, 0xbfc55a14, 0)               = -1 EAGAIN (Resource temporarily unavailable)
recvmsg(8, 0xbfc55a14, 0)               = -1 EAGAIN (Resource temporarily unavailable)
recvmsg(8, 0xbfc55a14, 0)               = -1 EAGAIN (Resource temporarily unavailable)
recvmsg(8, 0xbfc55a14, 0)               = -1 EAGAIN (Resource temporarily unavailable)
recvmsg(8, 0xbfc55a14, 0)               = -1 EAGAIN (Resource temporarily unavailable)
recvmsg(8, 0xbfc55a14, 0)               = -1 EAGAIN (Resource temporarily unavailable)
recvmsg(8, 0xbfc55a14, 0)               = -1 EAGAIN (Resource temporarily unavailable)
recvmsg(8, 0xbfc55a14, 0)               = -1 EAGAIN (Resource temporarily unavailable)
recvmsg(8, 0xbfc55a14, 0)               = -1 EAGAIN (Resource temporarily unavailable)
recvmsg(8, 0xbfc55a14, 0)               = -1 EAGAIN (Resource temporarily unavailable)
recvmsg(8, 0xbfc55a14, 0)               = -1 EAGAIN (Resource temporarily unavailable)
recvmsg(8, 0xbfc55a14, 0)               = -1 EAGAIN (Resource temporarily unavailable)
recvmsg(8, 0xbfc55a14, 0)               = -1 EAGAIN (Resource temporarily unavailable)
recvmsg(8, 0xbfc55a14, 0)               = -1 EAGAIN (Resource temporarily unavailable)
recvmsg(8, 0xbfc55a14, 0)               = -1 EAGAIN (Resource temporarily unavailable)
recvmsg(8, 0xbfc55a14, 0)               = -1 EAGAIN (Resource temporarily unavailable)
recvmsg(8, 0xbfc55a14, 0)               = -1 EAGAIN (Resource temporarily unavailable)
recvmsg(8, 0xbfc55a14, 0)               = -1 EAGAIN (Resource temporarily unavailable)
recvmsg(8, 0xbfc55a14, 0)               = -1 EAGAIN (Resource temporarily unavailable)
recvmsg(8, 0xbfc55a14, 0)               = -1 EAGAIN (Resource temporarily unavailable)
recvmsg(8, 0xbfc55a14, 0)               = -1 EAGAIN (Resource temporarily unavailable)
recvmsg(8, 0xbfc55a14, 0)               = -1 EAGAIN (Resource temporarily unavailable)
recvmsg(8, 0xbfc55a14, 0)               = -1 EAGAIN (Resource temporarily unavailable)
recvmsg(8, 0xbfc55a14, 0)               = -1 EAGAIN (Resource temporarily unavailable)
recvmsg(8, 0xbfc55a14, 0)               = -1 EAGAIN (Resource temporarily unavailable)
recvmsg(8, 0xbfc55a14, 0)               = -1 EAGAIN (Resource temporarily unavailable)
recvmsg(8, 0xbfc55a14, 0)               = -1 EAGAIN (Resource temporarily unavailable)
recvmsg(8, 0xbfc55a14, 0)               = -1 EAGAIN (Resource temporarily unavailable)
recvmsg(8, 0xbfc55a14, 0)               = -1 EAGAIN (Resource temporarily unavailable)
recvmsg(8, 0xbfc55a14, 0)               = -1 EAGAIN (Resource temporarily unavailable)
recvmsg(8, 0xbfc55a14, 0)               = -1 EAGAIN (Resource temporarily unavailable)
recvmsg(8, 0xbfc55a14, 0)               = -1 EAGAIN (Resource temporarily unavailable)
recvmsg(8, 0xbfc55a14, 0)               = -1 EAGAIN (Resource temporarily unavailable)
recvmsg(8, 0xbfc55a14, 0)               = -1 EAGAIN (Resource temporarily unavailable)
recvmsg(8, 0xbfc55a14, 0)               = -1 EAGAIN (Resource temporarily unavailable)
recvmsg(8, 0xbfc55a14, 0)               = -1 EAGAIN (Resource temporarily unavailable)
recvmsg(8, 0xbfc55a14, 0)               = -1 EAGAIN (Resource temporarily unavailable)
recvmsg(8, 0xbfc55a14, 0)               = -1 EAGAIN (Resource temporarily unavailable)
recvmsg(8, 0xbfc55a14, 0)               = -1 EAGAIN (Resource temporarily unavailable)
recvmsg(8, 0xbfc55a14, 0)               = -1 EAGAIN (Resource temporarily unavailable)
recvmsg(8, 0xbfc55a14, 0)               = -1 EAGAIN (Resource temporarily unavailable)
recvmsg(8, 0xbfc55a14, 0)               = -1 EAGAIN (Resource temporarily unavailable)
recvmsg(8, 0xbfc55a14, 0)               = -1 EAGAIN (Resource temporarily unavailable)
recvmsg(8, 0xbfc55a14, 0)               = -1 EAGAIN (Resource temporarily unavailable)
recvmsg(8, 0xbfc55a14, 0)               = -1 EAGAIN (Resource temporarily unavailable)
recvmsg(8, 0xbfc55a14, 0)               = -1 EAGAIN (Resource temporarily unavailable)
recvmsg(8, 0xbfc55a14, 0)               = -1 EAGAIN (Resource temporarily unavailable)
recvmsg(8, 0xbfc55a14, 0)               = -1 EAGAIN (Resource temporarily unavailable)
recvmsg(8, 0xbfc55a14, 0)               = -1 EAGAIN (Resource temporarily unavailable)
recvmsg(8, 0xbfc55a14, 0)               = -1 EAGAIN (Resource temporarily unavailable)
recvmsg(8, 0xbfc55a14, 0)               = -1 EAGAIN (Resource temporarily unavailable)
recvmsg(8, 0xbfc55a14, 0)               = -1 EAGAIN (Resource temporarily unavailable)
recvmsg(8, 0xbfc55a14, 0)               = -1 EAGAIN (Resource temporarily unavailable)
recvmsg(8, 0xbfc55a14, 0)               = -1 EAGAIN (Resource temporarily unavailable)
recvmsg(8, 0xbfc55a14, 0)               = -1 EAGAIN (Resource temporarily unavailable)
recvmsg(8, 0xbfc55a14, 0)               = -1 EAGAIN (Resource temporarily unavailable)
recvmsg(8, 0xbfc55a14, 0)               = -1 EAGAIN (Resource temporarily unavailable)
recvmsg(8, 0xbfc55a14, 0)               = -1 EAGAIN (Resource temporarily unavailable)
recvmsg(8, 0xbfc55a14, 0)               = -1 EAGAIN (Resource temporarily unavailable)
recvmsg(8, 0xbfc55a14, 0)               = -1 EAGAIN (Resource temporarily unavailable)
recvmsg(8, 0xbfc55a14, 0)               = -1 EAGAIN (Resource temporarily unavailable)
recvmsg(8, 0xbfc55a14, 0)               = -1 EAGAIN (Resource temporarily unavailable)
recvmsg(8, 0xbfc55a14, 0)               = -1 EAGAIN (Resource temporarily unavailable)
recvmsg(8, 0xbfc55a14, 0)               = -1 EAGAIN (Resource temporarily unavailable)
recvmsg(8, 0xbfc55a14, 0)               = -1 EAGAIN (Resource temporarily unavailable)
recvmsg(8, 0xbfc55a14, 0)               = -1 EAGAIN (Resource temporarily unavailable)
recvmsg(8, 0xbfc55a14, 0)               = -1 EAGAIN (Resource temporarily unavailable)
recvmsg(8, 0xbfc55a14, 0)               = -1 EAGAIN (Resource temporarily unavailable)
recvmsg(8, 0xbfc55a14, 0)               = -1 EAGAIN (Resource temporarily unavailable)
recvmsg(8, 0xbfc55a14, 0)               = -1 EAGAIN (Resource temporarily unavailable)
recvmsg(8, 0xbfc55a14, 0)               = -1 EAGAIN (Resource temporarily unavailable)
recvmsg(8, 0xbfc55a14, 0)               = -1 EAGAIN (Resource temporarily unavailable)
recvmsg(8, 0xbfc55a14, 0)               = -1 EAGAIN (Resource temporarily unavailable)
recvmsg(8, 0xbfc55a14, 0)               = -1 EAGAIN (Resource temporarily unavailable)
recvmsg(8, 0xbfc55a14, 0)               = -1 EAGAIN (Resource temporarily unavailable)
recvmsg(8, 0xbfc55a14, 0)               = -1 EAGAIN (Resource temporarily unavailable)
recvmsg(8, 0xbfc55a14, 0)               = -1 EAGAIN (Resource temporarily unavailable)
recvmsg(8, 0xbfc55a14, 0)               = -1 EAGAIN (Resource temporarily unavailable)
recvmsg(8, 0xbfc55a14, 0)               = -1 EAGAIN (Resource temporarily unavailable)
recvmsg(8, 0xbfc55a14, 0)               = -1 EAGAIN (Resource temporarily unavailable)
recvmsg(8, 0xbfc55a14, 0)               = -1 EAGAIN (Resource temporarily unavailable)
recvmsg(8, 0xbfc55a14, 0)               = -1 EAGAIN (Resource temporarily unavailable)
recvmsg(8, 0xbfc55a14, 0)               = -1 EAGAIN (Resource temporarily unavailable)
recvmsg(8, 0xbfc55a14, 0)               = -1 EAGAIN (Resource temporarily unavailable)
recvmsg(8, 0xbfc55a14, 0)               = -1 EAGAIN (Resource temporarily unavailable)
recvmsg(8, 0xbfc55a14, 0)               = -1 EAGAIN (Resource temporarily unavailable)
recvmsg(8, 0xbfc55a14, 0)               = -1 EAGAIN (Resource temporarily unavailable)
recvmsg(8, 0xbfc55a14, 0)               = -1 EAGAIN (Resource temporarily unavailable)
recvmsg(8, 0xbfc55a14, 0)               = -1 EAGAIN (Resource temporarily unavailable)
recvmsg(8, 0xbfc55a14, 0)               = -1 EAGAIN (Resource temporarily unavailable)
recvmsg(8, 0xbfc55a14, 0)               = -1 EAGAIN (Resource temporarily unavailable)
recvmsg(8, 0xbfc55a14, 0)               = -1 EAGAIN (Resource temporarily unavailable)
recvmsg(8, 0xbfc55a14, 0)               = -1 EAGAIN (Resource temporarily unavailable)
recvmsg(8, 0xbfc55a14, 0)               = -1 EAGAIN (Resource temporarily unavailable)
recvmsg(8, 0xbfc55a14, 0)               = -1 EAGAIN (Resource temporarily unavailable)
recvmsg(8, 0xbfc55a14, 0)               = -1 EAGAIN (Resource temporarily unavailable)
recvmsg(8, 0xbfc55a14, 0)               = -1 EAGAIN (Resource temporarily unavailable)
recvmsg(8, 0xbfc55a14, 0)               = -1 EAGAIN (Resource temporarily unavailable)
recvmsg(8, 0xbfc55a14, 0)               = -1 EAGAIN (Resource temporarily unavailable)
recvmsg(8, 0xbfc55a14, 0)               = -1 EAGAIN (Resource temporarily unavailable)
recvmsg(8, 0xbfc55a14, 0)               = -1 EAGAIN (Resource temporarily unavailable)
recvmsg(8, 0xbfc55a14, 0)               = -1 EAGAIN (Resource temporarily unavailable)
recvmsg(8, 0xbfc55a14, 0)               = -1 EAGAIN (Resource temporarily unavailable)
recvmsg(8, 0xbfc55a14, 0)               = -1 EAGAIN (Resource temporarily unavailable)
recvmsg(8, 0xbfc55a14, 0)               = -1 EAGAIN (Resource temporarily unavailable)
recvmsg(8, 0xbfc55a14, 0)               = -1 EAGAIN (Resource temporarily unavailable)
recvmsg(8, 0xbfc55a14, 0)               = -1 EAGAIN (Resource temporarily unavailable)
recvmsg(8, 0xbfc55a14, 0)               = -1 EAGAIN (Resource temporarily unavailable)
recvmsg(8, 0xbfc55a14, 0)               = -1 EAGAIN (Resource temporarily unavailable)
recvmsg(8, 0xbfc55a14, 0)               = -1 EAGAIN (Resource temporarily unavailable)
recvmsg(8, 0xbfc55a14, 0)               = -1 EAGAIN (Resource temporarily unavailable)
recvmsg(8, 0xbfc55a14, 0)               = -1 EAGAIN (Resource temporarily unavailable)
recvmsg(8, 0xbfc55a14, 0)               = -1 EAGAIN (Resource temporarily unavailable)
recvmsg(8, 0xbfc55a14, 0)               = -1 EAGAIN (Resource temporarily unavailable)
recvmsg(8, 0xbfc55a14, 0)               = -1 EAGAIN (Resource temporarily unavailable)
recvmsg(8, 0xbfc55a14, 0)               = -1 EAGAIN (Resource temporarily unavailable)
recvmsg(8, 0xbfc55a14, 0)               = -1 EAGAIN (Resource temporarily unavailable)
recvmsg(8, 0xbfc55a14, 0)               = -1 EAGAIN (Resource temporarily unavailable)
recvmsg(8, 0xbfc55a14, 0)               = -1 EAGAIN (Resource temporarily unavailable)
recvmsg(8, 0xbfc55a14, 0)               = -1 EAGAIN (Resource temporarily unavailable)
recvmsg(8, 0xbfc55a14, 0)               = -1 EAGAIN (Resource temporarily unavailable)
recvmsg(8, 0xbfc55a14, 0)               = -1 EAGAIN (Resource temporarily unavailable)
recvmsg(8, 0xbfc55a14, 0)               = -1 EAGAIN (Resource temporarily unavailable)
recvmsg(8, 0xbfc55a14, 0)               = -1 EAGAIN (Resource temporarily unavailable)
recvmsg(8, 0xbfc55a14, 0)               = -1 EAGAIN (Resource temporarily unavailable)
recvmsg(8, 0xbfc55a14, 0)               = -1 EAGAIN (Resource temporarily unavailable)
recvfrom(13, "r", 1, MSG_PEEK, {sa_family=AF_INET, sin_port=htons(37691), sin_addr=inet_addr("10.0.2.15")}, [16]) = 1
recvfrom(13, "r", 1, MSG_PEEK, {sa_family=AF_INET, sin_port=htons(37691), sin_addr=inet_addr("10.0.2.15")}, [16]) = 1
recv(13, "robot", 8192, MSG_PEEK)       = 5
recvmsg(13, {msg_name(0)=NULL, msg_iov(1)=[{"robot", 5}], msg_controllen=0, msg_flags=MSG_CTRUNC}, 0) = 5
recvfrom(13, 0xbfc5544f, 1, 2, 0xbfc55450, 0xbfc55448) = -1 EAGAIN (Resource temporarily unavailable)
recvmsg(8, 0xbfc55a14, 0)               = -1 EAGAIN (Resource temporarily unavailable)
recvmsg(8, 0xbfc55a14, 0)               = -1 EAGAIN (Resource temporarily unavailable)
recvmsg(8, 0xbfc55a14, 0)               = -1 EAGAIN (Resource temporarily unavailable)
recvmsg(8, 0xbfc55a14, 0)               = -1 EAGAIN (Resource temporarily unavailable)
recvmsg(8, 0xbfc55a14, 0)               = -1 EAGAIN (Resource temporarily unavailable)
recvmsg(8, 0xbfc55a14, 0)               = -1 EAGAIN (Resource temporarily unavailable)
recvmsg(8, 0xbfc55a14, 0)               = -1 EAGAIN (Resource temporarily unavailable)
recvmsg(8, 0xbfc55a14, 0)               = -1 EAGAIN (Resource temporarily unavailable)
recvmsg(8, 0xbfc55a14, 0)               = -1 EAGAIN (Resource temporarily unavailable)
recvmsg(8, 0xbfc55a14, 0)               = -1 EAGAIN (Resource temporarily unavailable)
recvmsg(8, 0xbfc55a14, 0)               = -1 EAGAIN (Resource temporarily unavailable)
recvmsg(8, 0xbfc55a14, 0)               = -1 EAGAIN (Resource temporarily unavailable)
recvmsg(8, 0xbfc55a14, 0)               = -1 EAGAIN (Resource temporarily unavailable)
recvmsg(8, 0xbfc55a14, 0)               = -1 EAGAIN (Resource temporarily unavailable)
recvmsg(8, 0xbfc55a14, 0)               = -1 EAGAIN (Resource temporarily unavailable)
recvmsg(8, 0xbfc55a14, 0)               = -1 EAGAIN (Resource temporarily unavailable)
recvmsg(8, 0xbfc55a14, 0)               = -1 EAGAIN (Resource temporarily unavailable)
recvmsg(8, 0xbfc55a14, 0)               = -1 EAGAIN (Resource temporarily unavailable)
recvmsg(8, 0xbfc55a14, 0)               = -1 EAGAIN (Resource temporarily unavailable)
recvmsg(8, 0xbfc55a14, 0)               = -1 EAGAIN (Resource temporarily unavailable)
recvmsg(8, 0xbfc55a14, 0)               = -1 EAGAIN (Resource temporarily unavailable)
recvmsg(8, 0xbfc55a14, 0)               = -1 EAGAIN (Resource temporarily unavailable)
recvmsg(8, 0xbfc55a14, 0)               = -1 EAGAIN (Resource temporarily unavailable)
recvmsg(8, 0xbfc55a14, 0)               = -1 EAGAIN (Resource temporarily unavailable)
recvmsg(8, 0xbfc55a14, 0)               = -1 EAGAIN (Resource temporarily unavailable)
recvmsg(8, 0xbfc55a14, 0)               = -1 EAGAIN (Resource temporarily unavailable)
recvmsg(8, 0xbfc55a14, 0)               = -1 EAGAIN (Resource temporarily unavailable)
recvmsg(8, 0xbfc55a14, 0)               = -1 EAGAIN (Resource temporarily unavailable)
recvmsg(8, 0xbfc55a14, 0)               = -1 EAGAIN (Resource temporarily unavailable)
recvmsg(8, 0xbfc55a14, 0)               = -1 EAGAIN (Resource temporarily unavailable)
recvmsg(8, 0xbfc55a14, 0)               = -1 EAGAIN (Resource temporarily unavailable)
recvmsg(8, 0xbfc55a14, 0)               = -1 EAGAIN (Resource temporarily unavailable)
recvmsg(8, 0xbfc55a14, 0)               = -1 EAGAIN (Resource temporarily unavailable)
recvmsg(8, 0xbfc55a14, 0)               = -1 EAGAIN (Resource temporarily unavailable)
recvmsg(8, 0xbfc55a14, 0)               = -1 EAGAIN (Resource temporarily unavailable)
recvmsg(8, 0xbfc55a14, 0)               = -1 EAGAIN (Resource temporarily unavailable)
recvmsg(8, 0xbfc55a14, 0)               = -1 EAGAIN (Resource temporarily unavailable)
recvmsg(8, 0xbfc55a14, 0)               = -1 EAGAIN (Resource temporarily unavailable)
recvmsg(8, 0xbfc55a14, 0)               = -1 EAGAIN (Resource temporarily unavailable)
recvmsg(8, 0xbfc55a14, 0)               = -1 EAGAIN (Resource temporarily unavailable)
recvmsg(8, 0xbfc55a14, 0)               = -1 EAGAIN (Resource temporarily unavailable)
recvmsg(8, 0xbfc55a14, 0)               = -1 EAGAIN (Resource temporarily unavailable)
recvmsg(8, 0xbfc55a14, 0)               = -1 EAGAIN (Resource temporarily unavailable)
recvmsg(8, 0xbfc55a14, 0)               = -1 EAGAIN (Resource temporarily unavailable)
recvmsg(8, 0xbfc55a14, 0)               = -1 EAGAIN (Resource temporarily unavailable)
recvmsg(8, 0xbfc55a14, 0)               = -1 EAGAIN (Resource temporarily unavailable)
recvmsg(8, 0xbfc55a14, 0)               = -1 EAGAIN (Resource temporarily unavailable)
recvmsg(8, 0xbfc55a14, 0)               = -1 EAGAIN (Resource temporarily unavailable)
recvmsg(8, 0xbfc55a14, 0)               = -1 EAGAIN (Resource temporarily unavailable)
recvmsg(8, 0xbfc55a14, 0)               = -1 EAGAIN (Resource temporarily unavailable)
recvmsg(8, 0xbfc55a14, 0)               = -1 EAGAIN (Resource temporarily unavailable)
recvmsg(8, 0xbfc55a14, 0)               = -1 EAGAIN (Resource temporarily unavailable)
recvmsg(8, 0xbfc55a14, 0)               = -1 EAGAIN (Resource temporarily unavailable)
recvmsg(8, 0xbfc55a14, 0)               = -1 EAGAIN (Resource temporarily unavailable)
recvmsg(8, 0xbfc55a14, 0)               = -1 EAGAIN (Resource temporarily unavailable)
recvmsg(8, 0xbfc55a14, 0)               = -1 EAGAIN (Resource temporarily unavailable)
recvmsg(8, 0xbfc55a14, 0)               = -1 EAGAIN (Resource temporarily unavailable)
recvmsg(8, 0xbfc55a14, 0)               = -1 EAGAIN (Resource temporarily unavailable)
recvmsg(8, {msg_name(0)=NULL, msg_iov(1)=[{"\16\0\274\1L\0\240\4\0\0>\0\0\0\0\0\0\0\0\0\0\0\0\0\0\0\0\0\0\0\0\0"..., 4096}], msg_controllen=0, msg_flags=0}, 0) = 64
recvmsg(8, 0xbfc52054, 0)               = -1 EAGAIN (Resource temporarily unavailable)
recvmsg(8, {msg_name(0)=NULL, msg_iov(1)=[{"\16\0\301\1L\0\240\4\0\0>\0\0\0\0\0\0\0\0\0\0\0\0\0\0\0\0\0\0\0\0\0"..., 4096}], msg_controllen=0, msg_flags=0}, 0) = 64
recvmsg(8, 0xbfc52054, 0)               = -1 EAGAIN (Resource temporarily unavailable)
recvmsg(8, {msg_name(0)=NULL, msg_iov(1)=[{"\16\0\336\1L\0\240\4\0\0>\0\0\0\0\0\0\0\0\0\0\0\0\0\0\0\0\0\0\0\0\0"..., 4096}], msg_controllen=0, msg_flags=0}, 0) = 64
recvmsg(8, 0xbfc52054, 0)               = -1 EAGAIN (Resource temporarily unavailable)
recvmsg(8, {msg_name(0)=NULL, msg_iov(1)=[{"\16\0\361\1L\0\240\4\0\0>\0\0\0\0\0\0\0\0\0\0\0\0\0\0\0\0\0\0\0\0\0"..., 4096}], msg_controllen=0, msg_flags=0}, 0) = 64
recvmsg(8, 0xbfc52054, 0)               = -1 EAGAIN (Resource temporarily unavailable)
recvmsg(8, 0xbfc55a14, 0)               = -1 EAGAIN (Resource temporarily unavailable)
recvmsg(8, 0xbfc55a14, 0)               = -1 EAGAIN (Resource temporarily unavailable)
recvmsg(8, 0xbfc55a14, 0)               = -1 EAGAIN (Resource temporarily unavailable)
recvmsg(8, 0xbfc55a14, 0)               = -1 EAGAIN (Resource temporarily unavailable)
recvmsg(8, 0xbfc55a14, 0)               = -1 EAGAIN (Resource temporarily unavailable)
recvmsg(8, 0xbfc55a14, 0)               = -1 EAGAIN (Resource temporarily unavailable)
recvmsg(8, 0xbfc55a14, 0)               = -1 EAGAIN (Resource temporarily unavailable)
recvmsg(8, 0xbfc55a14, 0)               = -1 EAGAIN (Resource temporarily unavailable)
recvmsg(8, 0xbfc55a14, 0)               = -1 EAGAIN (Resource temporarily unavailable)
recvmsg(8, 0xbfc55a14, 0)               = -1 EAGAIN (Resource temporarily unavailable)
recvmsg(8, 0xbfc55a14, 0)               = -1 EAGAIN (Resource temporarily unavailable)
recvmsg(8, {msg_name(0)=NULL, msg_iov(1)=[{"\241 \364\1\4\0\300\3\30\1\0\0\1\0\0\0(\304\305\1\0\0\0\0\0\0\0\0\0\0\0\0", 4096}], msg_controllen=0, msg_flags=0}, 0) = 32
recvmsg(8, 0xbfc55a14, 0)               = -1 EAGAIN (Resource temporarily unavailable)
recvmsg(8, 0xbfc55974, 0)               = -1 EAGAIN (Resource temporarily unavailable)
recvmsg(8, {msg_name(0)=NULL, msg_iov(1)=[{"\16\0\370\1L\0\240\4\0\0>\0\0\0\0\0\0\0\0\0\0\0\0\0\0\0\0\0\0\0\0\0"..., 4096}], msg_controllen=0, msg_flags=0}, 0) = 64
recvmsg(8, 0xbfc50d34, 0)               = -1 EAGAIN (Resource temporarily unavailable)
recvmsg(8, {msg_name(0)=NULL, msg_iov(1)=[{"\16\0\375\1L\0\240\4\0\0>\0\0\0\0\0\0\0\0\0\0\0\0\0\0\0\0\0\0\0\0\0"..., 4096}], msg_controllen=0, msg_flags=0}, 0) = 64
recvmsg(8, 0xbfc50d34, 0)               = -1 EAGAIN (Resource temporarily unavailable)
recvmsg(8, {msg_name(0)=NULL, msg_iov(1)=[{"\16\0j\2L\0\240\4\0\0>\0\0\0\0\0\0\0\0\0\0\0\0\0\0\0\0\0\0\0\0\0"..., 4096}], msg_controllen=0, msg_flags=0}, 0) = 64
recvmsg(8, 0xbfc50d34, 0)               = -1 EAGAIN (Resource temporarily unavailable)
recvmsg(8, {msg_name(0)=NULL, msg_iov(1)=[{"\16\0\275\2L\0\240\4\0\0>\0\0\0\0\0\0\0\0\0\0\0\0\0\0\0\0\0\0\0\0\0"..., 4096}], msg_controllen=0, msg_flags=0}, 0) = 64
recvmsg(8, 0xbfc50d34, 0)               = -1 EAGAIN (Resource temporarily unavailable)
recvmsg(8, {msg_name(0)=NULL, msg_iov(1)=[{"\16\0\315\2L\0\240\4\0\0>\0\0\0\0\0\0\0\0\0\0\0\0\0\0\0\0\0\0\0\0\0"..., 4096}], msg_controllen=0, msg_flags=0}, 0) = 64
recvmsg(8, 0xbfc52554, 0)               = -1 EAGAIN (Resource temporarily unavailable)
recvmsg(8, {msg_name(0)=NULL, msg_iov(1)=[{"\16\0\335\2L\0\240\4\0\0>\0\0\0\0\0\0\0\0\0\0\0\0\0\0\0\0\0\0\0\0\0"..., 4096}], msg_controllen=0, msg_flags=0}, 0) = 64
recvmsg(8, 0xbfc52554, 0)               = -1 EAGAIN (Resource temporarily unavailable)
recvmsg(8, 0xbfc55a14, 0)               = -1 EAGAIN (Resource temporarily unavailable)
recvmsg(8, 0xbfc55a14, 0)               = -1 EAGAIN (Resource temporarily unavailable)
recvmsg(8, {msg_name(0)=NULL, msg_iov(1)=[{"\16\0\364\2L\0\240\4\0\0>\0\0\0\0\0\0\0\0\0\0\0\0\0\0\0\0\0\0\0\0\0"..., 4096}], msg_controllen=0, msg_flags=0}, 0) = 64
recvmsg(8, 0xbfc50cf4, 0)               = -1 EAGAIN (Resource temporarily unavailable)
recvmsg(8, {msg_name(0)=NULL, msg_iov(1)=[{"\16\0\7\3L\0\240\4\0\0>\0\0\0\0\0\0\0\0\0\0\0\0\0\0\0\0\0\0\0\0\0", 4096}], msg_controllen=0, msg_flags=0}, 0) = 32
recvmsg(8, {msg_name(0)=NULL, msg_iov(1)=[{"\1\1\10\3\0\0\0\0\4\0\300\3\0\0\0\0\0\0\0\0\0\0\0\0\0\0\0\0\0\0\0\0", 4096}], msg_controllen=0, msg_flags=0}, 0) = 32
recvmsg(8, 0xbfc50cf4, 0)               = -1 EAGAIN (Resource temporarily unavailable)
recvmsg(3, {msg_name(0)=NULL, msg_iov(1)=[{"\1\2\202\2\0\0\0\0\5\0`\1\0\0\0\0\0\0\0\0\0\0\0\0\0\0\0\0\0\0\0\0", 4096}], msg_controllen=0, msg_flags=0}, 0) = 32
shutdown(3, SHUT_RDWR)                  = 0
+++ exited with 0 +++
