socket(PF_LOCAL, SOCK_STREAM|SOCK_CLOEXEC, 0) = 3
connect(3, {sa_family=AF_LOCAL, sun_path=@"/tmp/.X11-unix/X0"}, 20) = 0
getpeername(3, {sa_family=AF_LOCAL, sun_path=@"/tmp/.X11-unix/X0"}, [20]) = 0
getsockname(3, {sa_family=AF_LOCAL, NULL}, [2]) = 0
recv(3, "\1\0\v\0\0\0\320\5", 8, 0)     = 8
recv(3, "\300\226\262\0\0\0\240\4\377\377\37\0\0\1\0\0\6\0\377\377\1\7\0\0  \10\377\0\0\0\0"..., 5952, 0) = 5952
recvmsg(3, {msg_name(0)=NULL, msg_iov(1)=[{"\1\0\1\0\0\0\0\0\1\205\0\0\0\0\0\0\0\0\0\0\0\0\0\0\0\0\0\0\0\0\0\0", 4096}], msg_controllen=0, msg_flags=0}, 0) = 32
recvmsg(3, {msg_name(0)=NULL, msg_iov(1)=[{"\1\0\2\0\0\0\0\0\377\377?\0\0\0\0\0\0\0\0\0\0\0\0\0\0\0\0\0\0\0\0\0", 4096}], msg_controllen=0, msg_flags=0}, 0) = 32
recvmsg(3, 0xbfac6564, 0)               = -1 EAGAIN (Resource temporarily unavailable)
recvmsg(3, {msg_name(0)=NULL, msg_iov(1)=[{"\1\10\4\0(\0\0\0\37\0\0\0\0\0\0\0\240\0\0\0\0\0\0\0\0\0\0\0\0\0\0\0"..., 4096}], msg_controllen=0, msg_flags=0}, 0) = 192
recvmsg(3, 0xbfac6634, 0)               = -1 EAGAIN (Resource temporarily unavailable)
recvmsg(3, {msg_name(0)=NULL, msg_iov(1)=[{"\1\0\5\0\0\0\0\0\1\207U\211\0\0\0\0\0\0\0\0\0\0\0\0\0\0\0\0\0\0\0\0", 4096}], msg_controllen=0, msg_flags=0}, 0) = 32
recvmsg(3, 0xbfac64e4, 0)               = -1 EAGAIN (Resource temporarily unavailable)
recvmsg(3, 0xbfac64e4, 0)               = -1 EAGAIN (Resource temporarily unavailable)
recvmsg(3, {msg_name(0)=NULL, msg_iov(1)=[{"\1\1\6\0\0\0\0\0\1\0\0\0\0\0\0\0\0\0\0\0\0\0\0\0\0\0\0\0\0\0\0\0", 4096}], msg_controllen=0, msg_flags=0}, 0) = 32
recvmsg(3, 0xbfac6584, 0)               = -1 EAGAIN (Resource temporarily unavailable)
recvmsg(3, 0xbfac6584, 0)               = -1 EAGAIN (Resource temporarily unavailable)
recvmsg(3, {msg_name(0)=NULL, msg_iov(1)=[{"\1\0\7\0\0\0\0\0\1\202A\200\0\0\0\0\0\0\0\0\0\0\0\0\0\0\0\0\0\0\0\0"..., 4096}], msg_controllen=0, msg_flags=0}, 0) = 4096
socket(PF_LOCAL, SOCK_STREAM|SOCK_CLOEXEC|SOCK_NONBLOCK, 0) = 8
connect(8, {sa_family=AF_LOCAL, sun_path="/var/run/nscd/socket"}, 110) = -1 ENOENT (No such file or directory)
socket(PF_LOCAL, SOCK_STREAM|SOCK_CLOEXEC|SOCK_NONBLOCK, 0) = 8
connect(8, {sa_family=AF_LOCAL, sun_path="/var/run/nscd/socket"}, 110) = -1 ENOENT (No such file or directory)
socket(PF_LOCAL, SOCK_STREAM|SOCK_CLOEXEC, 0) = 8
connect(8, {sa_family=AF_LOCAL, sun_path=@"/tmp/.X11-unix/X0"}, 20) = 0
getpeername(8, {sa_family=AF_LOCAL, sun_path=@"/tmp/.X11-unix/X0"...}, [20]) = 0
getsockname(8, {sa_family=AF_LOCAL, NULL}, [2]) = 0
recv(8, "\1\0\v\0\0\0\320\5", 8, 0)     = 8
recv(8, "\300\226\262\0\0\0\300\4\377\377\37\0\0\1\0\0\6\0\377\377\1\7\0\0  \10\377\0\0\0\0"..., 5952, 0) = 5952
recvmsg(8, {msg_name(0)=NULL, msg_iov(1)=[{"\1\0\1\0\0\0\0\0\1\205\0\0\0\0\0\0\0\0\0\0\0\0\0\0\0\0\0\0\0\0\0\0", 4096}], msg_controllen=0, msg_flags=0}, 0) = 32
recvmsg(8, {msg_name(0)=NULL, msg_iov(1)=[{"\1\0\2\0\0\0\0\0\377\377?\0\0\0\0\0\0\0\0\0\0\0\0\0\0\0\0\0\0\0\0\0", 4096}], msg_controllen=0, msg_flags=0}, 0) = 32
recvmsg(8, 0xbfac65b4, 0)               = -1 EAGAIN (Resource temporarily unavailable)
recvmsg(8, {msg_name(0)=NULL, msg_iov(1)=[{"\1\10\4\0(\0\0\0\37\0\0\0\0\0\0\0\240\0\0\0\0\0\0\0\0\0\0\0\0\0\0\0"..., 4096}], msg_controllen=0, msg_flags=0}, 0) = 192
recvmsg(8, 0xbfac6684, 0)               = -1 EAGAIN (Resource temporarily unavailable)
recvmsg(8, {msg_name(0)=NULL, msg_iov(1)=[{"\1\0\5\0\0\0\0\0\1\207U\211\0\0\0\0\0\0\0\0\0\0\0\0\0\0\0\0\0\0\0\0", 4096}], msg_controllen=0, msg_flags=0}, 0) = 32
recvmsg(8, 0xbfac6534, 0)               = -1 EAGAIN (Resource temporarily unavailable)
recvmsg(8, 0xbfac6534, 0)               = -1 EAGAIN (Resource temporarily unavailable)
recvmsg(8, {msg_name(0)=NULL, msg_iov(1)=[{"\1\1\6\0\0\0\0\0\1\0\0\0\0\0\0\0\0\0\0\0\0\0\0\0\0\0\0\0\0\0\0\0", 4096}], msg_controllen=0, msg_flags=0}, 0) = 32
recvmsg(8, 0xbfac65d4, 0)               = -1 EAGAIN (Resource temporarily unavailable)
recvmsg(8, 0xbfac65d4, 0)               = -1 EAGAIN (Resource temporarily unavailable)
recvmsg(8, {msg_name(0)=NULL, msg_iov(1)=[{"\1\0\7\0\0\0\0\0\21\1\0\0\0\0\0\0\0\0\0\0\0\0\0\0\0\0\0\0\0\0\0\0"..., 4096}], msg_controllen=0, msg_flags=0}, 0) = 1088
recvmsg(8, 0xbfac6634, 0)               = -1 EAGAIN (Resource temporarily unavailable)
recvmsg(8, 0xbfac6634, 0)               = -1 EAGAIN (Resource temporarily unavailable)
recvmsg(8, 0xbfac6634, 0)               = -1 EAGAIN (Resource temporarily unavailable)
recvmsg(8, 0xbfac6634, 0)               = -1 EAGAIN (Resource temporarily unavailable)
recvmsg(8, 0xbfac6634, 0)               = -1 EAGAIN (Resource temporarily unavailable)
recvmsg(8, 0xbfac6634, 0)               = -1 EAGAIN (Resource temporarily unavailable)
recvmsg(8, 0xbfac6634, 0)               = -1 EAGAIN (Resource temporarily unavailable)
recvmsg(8, 0xbfac6634, 0)               = -1 EAGAIN (Resource temporarily unavailable)
recvmsg(8, 0xbfac6634, 0)               = -1 EAGAIN (Resource temporarily unavailable)
recvmsg(8, 0xbfac6634, 0)               = -1 EAGAIN (Resource temporarily unavailable)
recvmsg(8, 0xbfac6634, 0)               = -1 EAGAIN (Resource temporarily unavailable)
recvmsg(8, 0xbfac6634, 0)               = -1 EAGAIN (Resource temporarily unavailable)
recvmsg(8, 0xbfac6634, 0)               = -1 EAGAIN (Resource temporarily unavailable)
recvmsg(8, 0xbfac6634, 0)               = -1 EAGAIN (Resource temporarily unavailable)
recvmsg(8, 0xbfac6634, 0)               = -1 EAGAIN (Resource temporarily unavailable)
recvmsg(8, 0xbfac6634, 0)               = -1 EAGAIN (Resource temporarily unavailable)
recvmsg(8, 0xbfac6634, 0)               = -1 EAGAIN (Resource temporarily unavailable)
recvmsg(8, 0xbfac6634, 0)               = -1 EAGAIN (Resource temporarily unavailable)
recvmsg(8, 0xbfac6634, 0)               = -1 EAGAIN (Resource temporarily unavailable)
recvmsg(8, 0xbfac6634, 0)               = -1 EAGAIN (Resource temporarily unavailable)
recvmsg(8, 0xbfac6634, 0)               = -1 EAGAIN (Resource temporarily unavailable)
recvmsg(8, 0xbfac6634, 0)               = -1 EAGAIN (Resource temporarily unavailable)
recvmsg(8, 0xbfac6634, 0)               = -1 EAGAIN (Resource temporarily unavailable)
recvmsg(8, 0xbfac6634, 0)               = -1 EAGAIN (Resource temporarily unavailable)
recvmsg(8, 0xbfac6634, 0)               = -1 EAGAIN (Resource temporarily unavailable)
recvmsg(8, 0xbfac6634, 0)               = -1 EAGAIN (Resource temporarily unavailable)
recvmsg(8, 0xbfac6634, 0)               = -1 EAGAIN (Resource temporarily unavailable)
recvmsg(8, 0xbfac6634, 0)               = -1 EAGAIN (Resource temporarily unavailable)
recvmsg(8, 0xbfac6634, 0)               = -1 EAGAIN (Resource temporarily unavailable)
recvmsg(8, 0xbfac6634, 0)               = -1 EAGAIN (Resource temporarily unavailable)
recvmsg(8, 0xbfac6634, 0)               = -1 EAGAIN (Resource temporarily unavailable)
recvmsg(8, 0xbfac6634, 0)               = -1 EAGAIN (Resource temporarily unavailable)
recvmsg(8, 0xbfac6634, 0)               = -1 EAGAIN (Resource temporarily unavailable)
recvmsg(8, 0xbfac6634, 0)               = -1 EAGAIN (Resource temporarily unavailable)
recvmsg(8, 0xbfac6634, 0)               = -1 EAGAIN (Resource temporarily unavailable)
recvmsg(8, 0xbfac6634, 0)               = -1 EAGAIN (Resource temporarily unavailable)
recvmsg(8, 0xbfac6634, 0)               = -1 EAGAIN (Resource temporarily unavailable)
recvmsg(8, 0xbfac6634, 0)               = -1 EAGAIN (Resource temporarily unavailable)
recvmsg(8, 0xbfac6634, 0)               = -1 EAGAIN (Resource temporarily unavailable)
recvmsg(8, 0xbfac6634, 0)               = -1 EAGAIN (Resource temporarily unavailable)
recvmsg(8, 0xbfac6634, 0)               = -1 EAGAIN (Resource temporarily unavailable)
recvmsg(8, 0xbfac6634, 0)               = -1 EAGAIN (Resource temporarily unavailable)
recvmsg(8, 0xbfac6634, 0)               = -1 EAGAIN (Resource temporarily unavailable)
recvmsg(8, 0xbfac6634, 0)               = -1 EAGAIN (Resource temporarily unavailable)
recvmsg(8, 0xbfac6634, 0)               = -1 EAGAIN (Resource temporarily unavailable)
recvmsg(8, 0xbfac6634, 0)               = -1 EAGAIN (Resource temporarily unavailable)
recvmsg(8, 0xbfac6634, 0)               = -1 EAGAIN (Resource temporarily unavailable)
recvmsg(8, 0xbfac6634, 0)               = -1 EAGAIN (Resource temporarily unavailable)
recvmsg(8, 0xbfac6634, 0)               = -1 EAGAIN (Resource temporarily unavailable)
recvmsg(8, 0xbfac6634, 0)               = -1 EAGAIN (Resource temporarily unavailable)
recvmsg(8, 0xbfac6634, 0)               = -1 EAGAIN (Resource temporarily unavailable)
recvmsg(8, 0xbfac6634, 0)               = -1 EAGAIN (Resource temporarily unavailable)
recvmsg(8, 0xbfac6634, 0)               = -1 EAGAIN (Resource temporarily unavailable)
recvmsg(8, 0xbfac6634, 0)               = -1 EAGAIN (Resource temporarily unavailable)
recvmsg(8, 0xbfac6634, 0)               = -1 EAGAIN (Resource temporarily unavailable)
recvmsg(8, 0xbfac6634, 0)               = -1 EAGAIN (Resource temporarily unavailable)
recvmsg(8, 0xbfac6634, 0)               = -1 EAGAIN (Resource temporarily unavailable)
recvmsg(8, 0xbfac6634, 0)               = -1 EAGAIN (Resource temporarily unavailable)
recvmsg(8, 0xbfac6634, 0)               = -1 EAGAIN (Resource temporarily unavailable)
recvmsg(8, 0xbfac6634, 0)               = -1 EAGAIN (Resource temporarily unavailable)
recvmsg(8, 0xbfac6634, 0)               = -1 EAGAIN (Resource temporarily unavailable)
recvmsg(8, 0xbfac6634, 0)               = -1 EAGAIN (Resource temporarily unavailable)
recvmsg(8, 0xbfac6634, 0)               = -1 EAGAIN (Resource temporarily unavailable)
recvmsg(8, 0xbfac6634, 0)               = -1 EAGAIN (Resource temporarily unavailable)
recvmsg(8, 0xbfac6634, 0)               = -1 EAGAIN (Resource temporarily unavailable)
recvmsg(8, 0xbfac6634, 0)               = -1 EAGAIN (Resource temporarily unavailable)
recvmsg(8, 0xbfac6634, 0)               = -1 EAGAIN (Resource temporarily unavailable)
recvmsg(8, 0xbfac6634, 0)               = -1 EAGAIN (Resource temporarily unavailable)
recvmsg(8, {msg_name(0)=NULL, msg_iov(1)=[{"\1\0)\0\0\0\0\0\1\214Y\223\0\0\0\0\0\0\0\0\0\0\0\0\0\0\0\0\0\0\0\0", 4096}], msg_controllen=0, msg_flags=0}, 0) = 32
recvmsg(8, 0xbfac6624, 0)               = -1 EAGAIN (Resource temporarily unavailable)
recvmsg(8, 0xbfac6624, 0)               = -1 EAGAIN (Resource temporarily unavailable)
recvmsg(8, {msg_name(0)=NULL, msg_iov(1)=[{"\1\0*\0\0\0\0\0\1\200\0\0\0\0\0\0\0\0\0\0\0\0\0\0\0\0\0\0\0\0\0\0", 4096}], msg_controllen=0, msg_flags=0}, 0) = 32
recvmsg(8, 0xbfac6574, 0)               = -1 EAGAIN (Resource temporarily unavailable)
recvmsg(8, 0xbfac6574, 0)               = -1 EAGAIN (Resource temporarily unavailable)
recvmsg(8, {msg_name(0)=NULL, msg_iov(1)=[{"\1\0+\0\0\0\0\0\1\0\0\0\0\0\0\0\0\0\0\0\0\0\0\0\0\0\0\0\0\0\0\0", 4096}], msg_controllen=0, msg_flags=0}, 0) = 32
recvmsg(8, 0xbfac6634, 0)               = -1 EAGAIN (Resource temporarily unavailable)
recvmsg(8, 0xbfac6634, 0)               = -1 EAGAIN (Resource temporarily unavailable)
recvmsg(8, {msg_name(0)=NULL, msg_iov(1)=[{"\1\0,\0\0\0\0\0\1\0\0\0\4\0\0\0\0\0\0\0\0\0\0\0\0\0\0\0\0\0\0\0", 4096}], msg_controllen=0, msg_flags=0}, 0) = 32
recvmsg(8, 0xbfac6714, 0)               = -1 EAGAIN (Resource temporarily unavailable)
recvmsg(8, 0xbfac6714, 0)               = -1 EAGAIN (Resource temporarily unavailable)
recvmsg(8, {msg_name(0)=NULL, msg_iov(1)=[{"\1\0-\0|\0\0\0J\242\0\0\35p\0\0\1\0\1\0\f\0g\0\0\0\0\0\0\0\0\0"..., 4096}], msg_controllen=0, msg_flags=0}, 0) = 528
recvmsg(8, 0xbfac6544, 0)               = -1 EAGAIN (Resource temporarily unavailable)
recvmsg(8, 0xbfac6544, 0)               = -1 EAGAIN (Resource temporarily unavailable)
recvmsg(8, {msg_name(0)=NULL, msg_iov(1)=[{"\1\0.\0\21\0\0\0J\242\0\0>\0\0\0\0\0\0\0\0\0\0\0\0\0\1\0\r\0\1\0"..., 4096}], msg_controllen=0, msg_flags=0}, 0) = 100
recvmsg(8, 0xbfac6584, 0)               = -1 EAGAIN (Resource temporarily unavailable)
recvmsg(8, 0xbfac6584, 0)               = -1 EAGAIN (Resource temporarily unavailable)
recvmsg(8, {msg_name(0)=NULL, msg_iov(1)=[{"\1\0/\0\2\0\0\0J\242\0\0\0\0\0\0\0\4\0\3J\0\0\0\1\0\1\0\1\0\1\0"..., 4096}], msg_controllen=0, msg_flags=0}, 0) = 40
recvmsg(8, 0xbfac65c4, 0)               = -1 EAGAIN (Resource temporarily unavailable)
recvmsg(8, 0xbfac65c4, 0)               = -1 EAGAIN (Resource temporarily unavailable)
recvmsg(8, {msg_name(0)=NULL, msg_iov(1)=[{"\1\0000\0\0\0\0\0\0\0\0\0\0\0\0\0\0\0\0\0\0\0\0\0\0\0\0\0\0\0\0\0", 4096}], msg_controllen=0, msg_flags=0}, 0) = 32
recvmsg(8, 0xbfac65c4, 0)               = -1 EAGAIN (Resource temporarily unavailable)
recvmsg(8, 0xbfac65c4, 0)               = -1 EAGAIN (Resource temporarily unavailable)
recvmsg(8, {msg_name(0)=NULL, msg_iov(1)=[{"\1\0003\0\0\0\0\0003\1\0\0\0\0\0\0\0\0\0\0\0\0\0\0\0\0\0\0\0\0\0\0"..., 4096}], msg_controllen=0, msg_flags=0}, 0) = 96
recvmsg(8, 0xbfac6474, 0)               = -1 EAGAIN (Resource temporarily unavailable)
recvmsg(8, 0xbfac6474, 0)               = -1 EAGAIN (Resource temporarily unavailable)
recvmsg(8, 0xbfac6474, 0)               = -1 EAGAIN (Resource temporarily unavailable)
recvmsg(8, 0xbfac6474, 0)               = -1 EAGAIN (Resource temporarily unavailable)
recvmsg(8, 0xbfac6474, 0)               = -1 EAGAIN (Resource temporarily unavailable)
recvmsg(8, 0xbfac6474, 0)               = -1 EAGAIN (Resource temporarily unavailable)
recvmsg(8, 0xbfac6474, 0)               = -1 EAGAIN (Resource temporarily unavailable)
recvmsg(8, 0xbfac6474, 0)               = -1 EAGAIN (Resource temporarily unavailable)
recvmsg(8, {msg_name(0)=NULL, msg_iov(1)=[{"\1\0006\0\3\0\0\0!\0\0\0\1\0\1\1\377\377\377\377\0\0\0\0\0\1\2\0 \0\0\0"..., 4096}], msg_controllen=0, msg_flags=0}, 0) = 76
recvmsg(8, 0xbfac64a4, 0)               = -1 EAGAIN (Resource temporarily unavailable)
recvmsg(8, 0xbfac64a4, 0)               = -1 EAGAIN (Resource temporarily unavailable)
recvmsg(8, 0xbfac64a4, 0)               = -1 EAGAIN (Resource temporarily unavailable)
recvmsg(8, 0xbfac64a4, 0)               = -1 EAGAIN (Resource temporarily unavailable)
recvmsg(8, {msg_name(0)=NULL, msg_iov(1)=[{"\1\0:\0\0\0\0\0\3\0\200\1\0\0\0\0\0\0\0\0\0\0\0\0\0\0\0\0\0\0\0\0", 4096}], msg_controllen=0, msg_flags=0}, 0) = 32
recvmsg(8, 0xbfac64f4, 0)               = -1 EAGAIN (Resource temporarily unavailable)
recvmsg(8, 0xbfac64f4, 0)               = -1 EAGAIN (Resource temporarily unavailable)
recvmsg(8, 0xbfac64b4, 0)               = -1 EAGAIN (Resource temporarily unavailable)
recvmsg(8, 0xbfac64d4, 0)               = -1 EAGAIN (Resource temporarily unavailable)
recvmsg(8, {msg_name(0)=NULL, msg_iov(1)=[{"\1\0=\0\3\0\0\0!\0\0\0\1\0\0\1\377\377\377\377\0\0\0\0\0\1\0\0 \0\0\0"..., 4096}], msg_controllen=0, msg_flags=0}, 0) = 76
recvmsg(8, 0xbfac6384, 0)               = -1 EAGAIN (Resource temporarily unavailable)
recvmsg(8, 0xbfac6384, 0)               = -1 EAGAIN (Resource temporarily unavailable)
recvmsg(8, 0xbfac6384, 0)               = -1 EAGAIN (Resource temporarily unavailable)
recvmsg(8, 0xbfac6384, 0)               = -1 EAGAIN (Resource temporarily unavailable)
recvmsg(8, {msg_name(0)=NULL, msg_iov(1)=[{"\1\0?\0\0\0\0\0k\2\0\0k\2\0\0\0\0\0\0\0\0\0\0\0\0\0\0\0\0\0\0", 4096}], msg_controllen=0, msg_flags=0}, 0) = 32
recvmsg(8, 0xbfac63e4, 0)               = -1 EAGAIN (Resource temporarily unavailable)
recvmsg(8, 0xbfac63e4, 0)               = -1 EAGAIN (Resource temporarily unavailable)
recvmsg(8, {msg_name(0)=NULL, msg_iov(1)=[{"\1\10@\0\"\1\0\0004\1\0\0\0\0\0\0\210\4\0\0\0\0\0\0\0\0\0\0\0\0\0\0"..., 4096}], msg_controllen=0, msg_flags=0}, 0) = 1192
recvmsg(8, 0xbfac63d4, 0)               = -1 EAGAIN (Resource temporarily unavailable)
recvmsg(8, 0xbfac63d4, 0)               = -1 EAGAIN (Resource temporarily unavailable)
recvmsg(8, {msg_name(0)=NULL, msg_iov(1)=[{"\34\0B\0\1\0\300\4 \1\0\0]\337\33\1\0\0\0\0\0\0\0\0\0\0\0\0\0\0\0\0"..., 4096}], msg_controllen=0, msg_flags=0}, 0) = 352
recvmsg(8, 0xbfac64b4, 0)               = -1 EAGAIN (Resource temporarily unavailable)
recvmsg(8, {msg_name(0)=NULL, msg_iov(1)=[{"\34\0P\0\1\0\300\0046\1\0\0^\337\33\1\0\0\0\0\0\0\0\0\0\0\0\0\0\0\0\0"..., 4096}], msg_controllen=0, msg_flags=0}, 0) = 64
recvmsg(8, 0xbfac6654, 0)               = -1 EAGAIN (Resource temporarily unavailable)
recvmsg(8, {msg_name(0)=NULL, msg_iov(1)=[{"\1\0R\0\0\0\0\0\5\0\0\0\0\0\0\0\0\0\0\0\0\0\0\0\0\0\0\0\0\0\0\0", 4096}], msg_controllen=0, msg_flags=0}, 0) = 32
recvmsg(8, 0xbfac66f4, 0)               = -1 EAGAIN (Resource temporarily unavailable)
recvmsg(8, 0xbfac66f4, 0)               = -1 EAGAIN (Resource temporarily unavailable)
recvmsg(8, {msg_name(0)=NULL, msg_iov(1)=[{"\1\0S\0\0\0\0\0\1\216\0\0\0\0\0\0\0\0\0\0\0\0\0\0\0\0\0\0\0\0\0\0", 4096}], msg_controllen=0, msg_flags=0}, 0) = 32
recvmsg(8, 0xbfac6654, 0)               = -1 EAGAIN (Resource temporarily unavailable)
recvmsg(8, 0xbfac6654, 0)               = -1 EAGAIN (Resource temporarily unavailable)
recvmsg(8, {msg_name(0)=NULL, msg_iov(1)=[{"\1\0T\0\0\0\0\0\0\0\0\0\4\0\0\0\0\0\0\0\0\0\0\0\0\0\0\0\0\0\0\0", 4096}], msg_controllen=0, msg_flags=0}, 0) = 32
recvmsg(8, 0xbfac66f4, 0)               = -1 EAGAIN (Resource temporarily unavailable)
recvmsg(8, 0xbfac66f4, 0)               = -1 EAGAIN (Resource temporarily unavailable)
recvmsg(8, {msg_name(0)=NULL, msg_iov(1)=[{"\1\0U\0\0\0\0\0\1\217[\227\0\0\0\0\0\0\0\0\0\0\0\0\0\0\0\0\0\0\0\0", 4096}], msg_controllen=0, msg_flags=0}, 0) = 32
recvmsg(8, 0xbfac6654, 0)               = -1 EAGAIN (Resource temporarily unavailable)
recvmsg(8, 0xbfac6654, 0)               = -1 EAGAIN (Resource temporarily unavailable)
recvmsg(8, {msg_name(0)=NULL, msg_iov(1)=[{"\1\0V\0\0\0\0\0\1\0\0\0\1\0\0\0\0\0\0\0\0\0\0\0\0\0\0\0\0\0\0\0", 4096}], msg_controllen=0, msg_flags=0}, 0) = 32
recvmsg(8, 0xbfac66f4, 0)               = -1 EAGAIN (Resource temporarily unavailable)
recvmsg(8, 0xbfac66f4, 0)               = -1 EAGAIN (Resource temporarily unavailable)
recvmsg(8, {msg_name(0)=NULL, msg_iov(1)=[{"\1\0W\0\0\0\0\0\1\201@\0\0\0\0\0\0\0\0\0\0\0\0\0\0\0\0\0\0\0\0\0", 4096}], msg_controllen=0, msg_flags=0}, 0) = 32
recvmsg(8, 0xbfac6654, 0)               = -1 EAGAIN (Resource temporarily unavailable)
recvmsg(8, 0xbfac6654, 0)               = -1 EAGAIN (Resource temporarily unavailable)
recvmsg(8, {msg_name(0)=NULL, msg_iov(1)=[{"\1\0X\0\0\0\0\0\1\0\1\0\0\0\0\0\0\0\0\0\0\0\0\0\0\0\0\0\0\0\0\0", 4096}], msg_controllen=0, msg_flags=0}, 0) = 32
recvmsg(8, 0xbfac6724, 0)               = -1 EAGAIN (Resource temporarily unavailable)
recvmsg(8, 0xbfac6724, 0)               = -1 EAGAIN (Resource temporarily unavailable)
recvmsg(8, {msg_name(0)=NULL, msg_iov(1)=[{"\1\1Y\0\0\0\0\0k\2\0\0\255\0\340\1\5\0l\0\5\0l\0\0\0\0\0\0\0\0\0", 4096}], msg_controllen=0, msg_flags=0}, 0) = 32
recvmsg(8, 0xbfac6734, 0)               = -1 EAGAIN (Resource temporarily unavailable)
recvmsg(8, 0xbfac6734, 0)               = -1 EAGAIN (Resource temporarily unavailable)
recvmsg(8, {msg_name(0)=NULL, msg_iov(1)=[{"\1\2Z\0\0\0\0\0\5\0 \1\0\0\0\0\0\0\0\0\0\0\0\0\0\0\0\0\0\0\0\0", 4096}], msg_controllen=0, msg_flags=0}, 0) = 32
recvmsg(8, 0xbfac6714, 0)               = -1 EAGAIN (Resource temporarily unavailable)
recvmsg(8, 0xbfac6714, 0)               = -1 EAGAIN (Resource temporarily unavailable)
recvmsg(8, {msg_name(0)=NULL, msg_iov(1)=[{"\34\0[\0\1\0\300\4\"\0\0\0a\337\33\1\0\0\0\0\0\0\0\0\0\0\0\0\0\0\0\0"..., 4096}], msg_controllen=0, msg_flags=0}, 0) = 192
recvmsg(8, 0xbfac6714, 0)               = -1 EAGAIN (Resource temporarily unavailable)
recvmsg(8, {msg_name(0)=NULL, msg_iov(1)=[{"\1\0c\0\0\0\0\0\1\206S\206\0\0\0\0\0\0\0\0\0\0\0\0\0\0\0\0\0\0\0\0", 4096}], msg_controllen=0, msg_flags=0}, 0) = 32
recvmsg(8, 0xbfac6694, 0)               = -1 EAGAIN (Resource temporarily unavailable)
recvmsg(8, 0xbfac6694, 0)               = -1 EAGAIN (Resource temporarily unavailable)
recvmsg(8, {msg_name(0)=NULL, msg_iov(1)=[{"\1\0d\0\0\0\0\0\3\1\0\0\0\0\0\0\0\0\0\0\0\0\0\0\0\0\0\0\0\0\0\0", 4096}], msg_controllen=0, msg_flags=0}, 0) = 32
recvmsg(8, 0xbfac66e4, 0)               = -1 EAGAIN (Resource temporarily unavailable)
recvmsg(8, 0xbfac66e4, 0)               = -1 EAGAIN (Resource temporarily unavailable)
recvmsg(8, {msg_name(0)=NULL, msg_iov(1)=[{"\1\0e\0\0\0\0\0\1\206S\206\0\0\0\0\0\0\0\0\0\0\0\0\0\0\0\0\0\0\0\0", 4096}], msg_controllen=0, msg_flags=0}, 0) = 32
recvmsg(8, 0xbfac6604, 0)               = -1 EAGAIN (Resource temporarily unavailable)
recvmsg(8, 0xbfac6604, 0)               = -1 EAGAIN (Resource temporarily unavailable)
recvmsg(8, {msg_name(0)=NULL, msg_iov(1)=[{"\1\0f\0\0\0\0\0\1\202A\200\0\0\0\0\0\0\0\0\0\0\0\0\0\0\0\0\0\0\0\0", 4096}], msg_controllen=0, msg_flags=0}, 0) = 32
recvmsg(8, 0xbfac6604, 0)               = -1 EAGAIN (Resource temporarily unavailable)
recvmsg(8, 0xbfac6604, 0)               = -1 EAGAIN (Resource temporarily unavailable)
recvmsg(8, {msg_name(0)=NULL, msg_iov(1)=[{"\1\1g\0\0\0\0\0\1\0\2\0\0\0\0\0\2\0\0\0\0\0\0\0\0\0\0\0\0\0\0\0", 4096}], msg_controllen=0, msg_flags=0}, 0) = 32
recvmsg(8, 0xbfac66d4, 0)               = -1 EAGAIN (Resource temporarily unavailable)
recvmsg(8, 0xbfac66d4, 0)               = -1 EAGAIN (Resource temporarily unavailable)
recvmsg(8, {msg_name(0)=NULL, msg_iov(1)=[{"\1\0h\0\0\0\0\0\1\203B\201\0\0\0\0\0\0\0\0\0\0\0\0\0\0\0\0\0\0\0\0", 4096}], msg_controllen=0, msg_flags=0}, 0) = 32
recvmsg(8, 0xbfac6664, 0)               = -1 EAGAIN (Resource temporarily unavailable)
recvmsg(8, 0xbfac6664, 0)               = -1 EAGAIN (Resource temporarily unavailable)
recvmsg(8, {msg_name(0)=NULL, msg_iov(1)=[{"\1\0i\0\0\0\0\0\1\203B\201\0\0\0\0\0\0\0\0\0\0\0\0\0\0\0\0\0\0\0\0", 4096}], msg_controllen=0, msg_flags=0}, 0) = 32
recvmsg(8, 0xbfac6584, 0)               = -1 EAGAIN (Resource temporarily unavailable)
recvmsg(8, 0xbfac6584, 0)               = -1 EAGAIN (Resource temporarily unavailable)
recvmsg(8, {msg_name(0)=NULL, msg_iov(1)=[{"\1\1j\0\0\0\0\0\2\0\3\0\1\0\0\0\0\0\0\0\0\0\0\0\0\0\0\0\0\0\0\0", 4096}], msg_controllen=0, msg_flags=0}, 0) = 32
recvmsg(8, 0xbfac6584, 0)               = -1 EAGAIN (Resource temporarily unavailable)
recvmsg(8, 0xbfac6584, 0)               = -1 EAGAIN (Resource temporarily unavailable)
recvmsg(8, {msg_name(0)=NULL, msg_iov(1)=[{"\1\0k\0\0\0\0\0\1\203B\201\0\0\0\0\0\0\0\0\0\0\0\0\0\0\0\0\0\0\0\0", 4096}], msg_controllen=0, msg_flags=0}, 0) = 32
recvmsg(8, 0xbfac64f4, 0)               = -1 EAGAIN (Resource temporarily unavailable)
recvmsg(8, 0xbfac64f4, 0)               = -1 EAGAIN (Resource temporarily unavailable)
recvmsg(8, {msg_name(0)=NULL, msg_iov(1)=[{"\1\1l\0\0\0\0\0\2\0\3\0\1\0\0\0\0\0\0\0\0\0\0\0\0\0\0\0\0\0\0\0", 4096}], msg_controllen=0, msg_flags=0}, 0) = 32
recvmsg(8, 0xbfac65a4, 0)               = -1 EAGAIN (Resource temporarily unavailable)
recvmsg(8, 0xbfac65a4, 0)               = -1 EAGAIN (Resource temporarily unavailable)
recvmsg(8, {msg_name(0)=NULL, msg_iov(1)=[{"\1\2m\0\226\0\0\0\v\0\0\0\0\0\0\0\0\0\0\0\0\0\0\0\0\0\0\0\0\0\0\0"..., 4096}], msg_controllen=0, msg_flags=0}, 0) = 632
recvmsg(8, 0xbfac6634, 0)               = -1 EAGAIN (Resource temporarily unavailable)
recvmsg(8, 0xbfac6634, 0)               = -1 EAGAIN (Resource temporarily unavailable)
recvmsg(8, {msg_name(0)=NULL, msg_iov(1)=[{"\1\3n\0\2\0\0\0\4\0\0\0\0\0\0\0\0\0\0\0\0\0\0\0\0\0\0\0\0\0\0\0"..., 4096}], msg_controllen=0, msg_flags=0}, 0) = 40
recvmsg(8, 0xbfac6654, 0)               = -1 EAGAIN (Resource temporarily unavailable)
recvmsg(8, 0xbfac6654, 0)               = -1 EAGAIN (Resource temporarily unavailable)
recvmsg(8, {msg_name(0)=NULL, msg_iov(1)=[{"\1\3o\0\2\0\0\0\4\0\0\0\0\0\0\0\0\0\0\0\0\0\0\0\0\0\0\0\0\0\0\0"..., 4096}], msg_controllen=0, msg_flags=0}, 0) = 40
recvmsg(8, 0xbfac6654, 0)               = -1 EAGAIN (Resource temporarily unavailable)
recvmsg(8, 0xbfac6654, 0)               = -1 EAGAIN (Resource temporarily unavailable)
recvmsg(8, {msg_name(0)=NULL, msg_iov(1)=[{"\1\3p\0\2\0\0\0\4\0\0\0\0\0\0\0\0\0\0\0\0\0\0\0\0\0\0\0\0\0\0\0"..., 4096}], msg_controllen=0, msg_flags=0}, 0) = 40
recvmsg(8, 0xbfac6654, 0)               = -1 EAGAIN (Resource temporarily unavailable)
recvmsg(8, 0xbfac6654, 0)               = -1 EAGAIN (Resource temporarily unavailable)
recvmsg(8, {msg_name(0)=NULL, msg_iov(1)=[{"\1\3q\0\2\0\0\0\4\0\0\0\0\0\0\0\0\0\0\0\0\0\0\0\0\0\0\0\0\0\0\0"..., 4096}], msg_controllen=0, msg_flags=0}, 0) = 40
recvmsg(8, 0xbfac6654, 0)               = -1 EAGAIN (Resource temporarily unavailable)
recvmsg(8, 0xbfac6654, 0)               = -1 EAGAIN (Resource temporarily unavailable)
recvmsg(8, {msg_name(0)=NULL, msg_iov(1)=[{"\1\0s\0\0\0\0\0\0\0\0\0\0\0\0\0\0\0\0\0\0\0\0\0\0\0\0\0\0\0\0\0", 4096}], msg_controllen=0, msg_flags=0}, 0) = 32
recvmsg(8, 0xbfac66f4, 0)               = -1 EAGAIN (Resource temporarily unavailable)
recvmsg(8, 0xbfac66f4, 0)               = -1 EAGAIN (Resource temporarily unavailable)
recvmsg(8, {msg_name(0)=NULL, msg_iov(1)=[{"\1\0t\0\0\0\0\0\1\213\0\216\0\0\0\0\0\0\0\0\0\0\0\0\0\0\0\0\0\0\0\0", 4096}], msg_controllen=0, msg_flags=0}, 0) = 32
recvmsg(8, 0xbfac59a4, 0)               = -1 EAGAIN (Resource temporarily unavailable)
recvmsg(8, 0xbfac59a4, 0)               = -1 EAGAIN (Resource temporarily unavailable)
recvmsg(8, {msg_name(0)=NULL, msg_iov(1)=[{"\1\0u\0\0\0\0\0\0\0\0\0\v\0\0\0\0\0\0\0\0\0\0\0\0\0\0\0\0\0\0\0"..., 4096}], msg_controllen=0, msg_flags=0}, 0) = 2836
recvmsg(8, 0xbfac5a04, 0)               = -1 EAGAIN (Resource temporarily unavailable)
recvmsg(8, 0xbfac5a04, 0)               = -1 EAGAIN (Resource temporarily unavailable)
recvmsg(8, 0xbfac5a04, 0)               = -1 EAGAIN (Resource temporarily unavailable)
recvmsg(8, 0xbfac5a04, 0)               = -1 EAGAIN (Resource temporarily unavailable)
socket(PF_LOCAL, SOCK_STREAM, 0)        = 9
connect(9, {sa_family=AF_LOCAL, sun_path=@"/tmp/.ICE-unix/2659"}, 22) = 0
recvmsg(8, {msg_name(0)=NULL, msg_iov(1)=[{"\34\0x\0\3\0\300\4 \1\0\0\210\337\33\1\0\0\0\0\0\0\0\0\0\0\0\0\0\0\0\0"..., 4096}], msg_controllen=0, msg_flags=0}, 0) = 672
recvmsg(8, 0xbfac6004, 0)               = -1 EAGAIN (Resource temporarily unavailable)
recvmsg(8, 0xbfac6004, 0)               = -1 EAGAIN (Resource temporarily unavailable)
recvmsg(8, 0xbfac6004, 0)               = -1 EAGAIN (Resource temporarily unavailable)
recvmsg(8, 0xbfac6004, 0)               = -1 EAGAIN (Resource temporarily unavailable)
recvmsg(8, 0xbfac6004, 0)               = -1 EAGAIN (Resource temporarily unavailable)
recvmsg(8, 0xbfac6004, 0)               = -1 EAGAIN (Resource temporarily unavailable)
recvmsg(8, 0xbfac6004, 0)               = -1 EAGAIN (Resource temporarily unavailable)
recvmsg(8, 0xbfac6004, 0)               = -1 EAGAIN (Resource temporarily unavailable)
recvmsg(8, 0xbfac6004, 0)               = -1 EAGAIN (Resource temporarily unavailable)
recvmsg(8, 0xbfac6004, 0)               = -1 EAGAIN (Resource temporarily unavailable)
recvmsg(8, 0xbfac6004, 0)               = -1 EAGAIN (Resource temporarily unavailable)
recvmsg(8, 0xbfac6004, 0)               = -1 EAGAIN (Resource temporarily unavailable)
recvmsg(8, 0xbfac6004, 0)               = -1 EAGAIN (Resource temporarily unavailable)
recvmsg(8, 0xbfac6004, 0)               = -1 EAGAIN (Resource temporarily unavailable)
recvmsg(8, 0xbfac6004, 0)               = -1 EAGAIN (Resource temporarily unavailable)
recvmsg(8, 0xbfac6004, 0)               = -1 EAGAIN (Resource temporarily unavailable)
recvmsg(8, 0xbfac6004, 0)               = -1 EAGAIN (Resource temporarily unavailable)
recvmsg(8, 0xbfac6004, 0)               = -1 EAGAIN (Resource temporarily unavailable)
recvmsg(8, 0xbfac6004, 0)               = -1 EAGAIN (Resource temporarily unavailable)
recvmsg(8, 0xbfac6004, 0)               = -1 EAGAIN (Resource temporarily unavailable)
recvmsg(8, 0xbfac6004, 0)               = -1 EAGAIN (Resource temporarily unavailable)
recvmsg(8, 0xbfac6004, 0)               = -1 EAGAIN (Resource temporarily unavailable)
recvmsg(8, 0xbfac6004, 0)               = -1 EAGAIN (Resource temporarily unavailable)
recvmsg(8, 0xbfac6004, 0)               = -1 EAGAIN (Resource temporarily unavailable)
recvmsg(8, 0xbfac6004, 0)               = -1 EAGAIN (Resource temporarily unavailable)
recvmsg(8, 0xbfac6004, 0)               = -1 EAGAIN (Resource temporarily unavailable)
recvmsg(8, 0xbfac6004, 0)               = -1 EAGAIN (Resource temporarily unavailable)
recvmsg(8, 0xbfac6004, 0)               = -1 EAGAIN (Resource temporarily unavailable)
recvmsg(8, 0xbfac6004, 0)               = -1 EAGAIN (Resource temporarily unavailable)
recvmsg(8, 0xbfac6004, 0)               = -1 EAGAIN (Resource temporarily unavailable)
recvmsg(8, 0xbfac6004, 0)               = -1 EAGAIN (Resource temporarily unavailable)
recvmsg(8, 0xbfac6004, 0)               = -1 EAGAIN (Resource temporarily unavailable)
recvmsg(8, 0xbfac6004, 0)               = -1 EAGAIN (Resource temporarily unavailable)
recvmsg(8, 0xbfac6004, 0)               = -1 EAGAIN (Resource temporarily unavailable)
recvmsg(8, 0xbfac6004, 0)               = -1 EAGAIN (Resource temporarily unavailable)
recvmsg(8, 0xbfac6004, 0)               = -1 EAGAIN (Resource temporarily unavailable)
recvmsg(8, 0xbfac6004, 0)               = -1 EAGAIN (Resource temporarily unavailable)
recvmsg(8, 0xbfac6004, 0)               = -1 EAGAIN (Resource temporarily unavailable)
recvmsg(8, 0xbfac6004, 0)               = -1 EAGAIN (Resource temporarily unavailable)
recvmsg(8, 0xbfac6004, 0)               = -1 EAGAIN (Resource temporarily unavailable)
recvmsg(8, 0xbfac6004, 0)               = -1 EAGAIN (Resource temporarily unavailable)
recvmsg(8, 0xbfac6004, 0)               = -1 EAGAIN (Resource temporarily unavailable)
recvmsg(8, 0xbfac6004, 0)               = -1 EAGAIN (Resource temporarily unavailable)
recvmsg(8, 0xbfac6004, 0)               = -1 EAGAIN (Resource temporarily unavailable)
recvmsg(8, 0xbfac6004, 0)               = -1 EAGAIN (Resource temporarily unavailable)
recvmsg(8, 0xbfac6004, 0)               = -1 EAGAIN (Resource temporarily unavailable)
recvmsg(8, 0xbfac6004, 0)               = -1 EAGAIN (Resource temporarily unavailable)
recvmsg(8, 0xbfac6004, 0)               = -1 EAGAIN (Resource temporarily unavailable)
recvmsg(8, 0xbfac6004, 0)               = -1 EAGAIN (Resource temporarily unavailable)
recvmsg(8, 0xbfac6004, 0)               = -1 EAGAIN (Resource temporarily unavailable)
recvmsg(8, 0xbfac6004, 0)               = -1 EAGAIN (Resource temporarily unavailable)
socket(PF_INET, SOCK_DGRAM|SOCK_CLOEXEC|SOCK_NONBLOCK, IPPROTO_IP) = 13
setsockopt(13, SOL_SOCKET, SO_BROADCAST, [1], 4) = 0
setsockopt(13, SOL_IP, IP_PKTINFO, [1], 4) = 0
setsockopt(13, SOL_IP, IP_RECVTTL, [1], 4) = 0
setsockopt(13, SOL_SOCKET, SO_REUSEADDR, [1], 4) = 0
bind(13, {sa_family=AF_INET, sin_port=htons(45454), sin_addr=inet_addr("0.0.0.0")}, 16) = 0
getsockname(13, {sa_family=AF_INET, sin_port=htons(45454), sin_addr=inet_addr("0.0.0.0")}, [16]) = 0
getpeername(13, 0xbfac6d90, [16])       = -1 ENOTCONN (Transport endpoint is not connected)
getsockopt(13, SOL_SOCKET, SO_TYPE, [2], [4]) = 0
setsockopt(13, SOL_SOCKET, SO_REUSEPORT, [1], 4) = 0
setsockopt(13, SOL_IP, IP_ADD_MEMBERSHIP, "\357\377+\25\0\0\0\0", 8) = 0
recvmsg(3, 0xbfac63a4, 0)               = -1 EAGAIN (Resource temporarily unavailable)
recvmsg(3, {msg_name(0)=NULL, msg_iov(1)=[{"\1\0\203\1\0\0\0\0\1\232h\251\0\0\0\0\0\0\0\0\0\0\0\0\0\0\0\0\0\0\0\0", 4096}], msg_controllen=0, msg_flags=0}, 0) = 32
recvmsg(3, {msg_name(0)=NULL, msg_iov(1)=[{"\1\0\204\1\0\0\0\0\1\0\0\0\4\0\0\0\0\0\0\0\0\0\0\0\0\0\0\0\0\0\0\0", 4096}], msg_controllen=0, msg_flags=0}, 0) = 32
recvmsg(8, 0xbfac6974, 0)               = -1 EAGAIN (Resource temporarily unavailable)
recvmsg(8, {msg_name(0)=NULL, msg_iov(1)=[{"\34\0\272\0\3\0\300\4\220\1\0\0\322\337\33\1\0\0\0\0\0\0\0\0\0\0\0\0\0\0\0\0"..., 4096}], msg_controllen=0, msg_flags=0}, 0) = 512
recvmsg(8, 0xbfac6a14, 0)               = -1 EAGAIN (Resource temporarily unavailable)
recvmsg(8, 0xbfac6974, 0)               = -1 EAGAIN (Resource temporarily unavailable)
recvmsg(8, {msg_name(0)=NULL, msg_iov(1)=[{"\1\1\23\1\0\0\0\0\4\0\240\4\0\0\0\0\0\0\0\0\0\0\0\0\0\0\0\0\0\0\0\0", 4096}], msg_controllen=0, msg_flags=0}, 0) = 32
recvmsg(8, 0xbfac32c4, 0)               = -1 EAGAIN (Resource temporarily unavailable)
recvmsg(8, {msg_name(0)=NULL, msg_iov(1)=[{"\16\0\26\1L\0\300\4\0\0>\0\0\0\0\0\0\0\0\0\0\0\0\0\0\0\0\0\0\0\0\0"..., 4096}], msg_controllen=0, msg_flags=0}, 0) = 64
recvmsg(8, 0xbfac3204, 0)               = -1 EAGAIN (Resource temporarily unavailable)
recvmsg(8, {msg_name(0)=NULL, msg_iov(1)=[{"\16\0'\1L\0\300\4\0\0>\0\0\0\0\0\0\0\0\0\0\0\0\0\0\0\0\0\0\0\0\0"..., 4096}], msg_controllen=0, msg_flags=0}, 0) = 64
recvmsg(8, 0xbfac3204, 0)               = -1 EAGAIN (Resource temporarily unavailable)
recvmsg(8, {msg_name(0)=NULL, msg_iov(1)=[{"\16\0.\1L\0\300\4\0\0>\0\0\0\0\0\0\0\0\0\0\0\0\0\0\0\0\0\0\0\0\0"..., 4096}], msg_controllen=0, msg_flags=0}, 0) = 64
recvmsg(8, 0xbfac3094, 0)               = -1 EAGAIN (Resource temporarily unavailable)
recvmsg(8, {msg_name(0)=NULL, msg_iov(1)=[{"\16\0003\1L\0\300\4\0\0>\0\0\0\0\0\0\0\0\0\0\0\0\0\0\0\0\0\0\0\0\0"..., 4096}], msg_controllen=0, msg_flags=0}, 0) = 64
recvmsg(8, 0xbfac3094, 0)               = -1 EAGAIN (Resource temporarily unavailable)
recvmsg(8, {msg_name(0)=NULL, msg_iov(1)=[{"\16\0Z\1L\0\300\4\0\0>\0\0\0\0\0\0\0\0\0\0\0\0\0\0\0\0\0\0\0\0\0"..., 4096}], msg_controllen=0, msg_flags=0}, 0) = 64
recvmsg(8, 0xbfac3094, 0)               = -1 EAGAIN (Resource temporarily unavailable)
recvmsg(8, {msg_name(0)=NULL, msg_iov(1)=[{"\16\0m\1L\0\300\4\0\0>\0\0\0\0\0\0\0\0\0\0\0\0\0\0\0\0\0\0\0\0\0"..., 4096}], msg_controllen=0, msg_flags=0}, 0) = 64
recvmsg(8, 0xbfac3094, 0)               = -1 EAGAIN (Resource temporarily unavailable)
recvmsg(8, {msg_name(0)=NULL, msg_iov(1)=[{"\16\0\202\1L\0\300\4\0\0>\0\0\0\0\0\0\0\0\0\0\0\0\0\0\0\0\0\0\0\0\0"..., 4096}], msg_controllen=0, msg_flags=0}, 0) = 64
recvmsg(8, 0xbfac3054, 0)               = -1 EAGAIN (Resource temporarily unavailable)
recvmsg(8, {msg_name(0)=NULL, msg_iov(1)=[{"\16\0\225\1L\0\300\4\0\0>\0\0\0\0\0\0\0\0\0\0\0\0\0\0\0\0\0\0\0\0\0"..., 4096}], msg_controllen=0, msg_flags=0}, 0) = 64
recvmsg(8, 0xbfac3054, 0)               = -1 EAGAIN (Resource temporarily unavailable)
recvmsg(8, {msg_name(0)=NULL, msg_iov(1)=[{"\16\0\245\1L\0\300\4\0\0>\0\0\0\0\0\0\0\0\0\0\0\0\0\0\0\0\0\0\0\0\0"..., 4096}], msg_controllen=0, msg_flags=0}, 0) = 64
recvmsg(8, 0xbfac4874, 0)               = -1 EAGAIN (Resource temporarily unavailable)
recvmsg(8, {msg_name(0)=NULL, msg_iov(1)=[{"\16\0\265\1L\0\300\4\0\0>\0\0\0\0\0\0\0\0\0\0\0\0\0\0\0\0\0\0\0\0\0"..., 4096}], msg_controllen=0, msg_flags=0}, 0) = 64
recvmsg(8, 0xbfac4874, 0)               = -1 EAGAIN (Resource temporarily unavailable)
recvmsg(8, 0xbfac6a14, 0)               = -1 EAGAIN (Resource temporarily unavailable)
recvmsg(8, 0xbfac6a14, 0)               = -1 EAGAIN (Resource temporarily unavailable)
recvmsg(8, 0xbfac6a14, 0)               = -1 EAGAIN (Resource temporarily unavailable)
recvmsg(8, 0xbfac6a14, 0)               = -1 EAGAIN (Resource temporarily unavailable)
recvmsg(8, 0xbfac6a14, 0)               = -1 EAGAIN (Resource temporarily unavailable)
recvmsg(8, 0xbfac6a14, 0)               = -1 EAGAIN (Resource temporarily unavailable)
recvmsg(8, 0xbfac6a14, 0)               = -1 EAGAIN (Resource temporarily unavailable)
recvmsg(8, 0xbfac6a14, 0)               = -1 EAGAIN (Resource temporarily unavailable)
recvmsg(8, 0xbfac6a14, 0)               = -1 EAGAIN (Resource temporarily unavailable)
recvmsg(8, 0xbfac6a14, 0)               = -1 EAGAIN (Resource temporarily unavailable)
recvmsg(8, 0xbfac6a14, 0)               = -1 EAGAIN (Resource temporarily unavailable)
recvmsg(8, 0xbfac6a14, 0)               = -1 EAGAIN (Resource temporarily unavailable)
recvmsg(8, 0xbfac6a14, 0)               = -1 EAGAIN (Resource temporarily unavailable)
recvmsg(8, 0xbfac6a14, 0)               = -1 EAGAIN (Resource temporarily unavailable)
recvmsg(8, 0xbfac6a14, 0)               = -1 EAGAIN (Resource temporarily unavailable)
recvfrom(13, "r", 1, MSG_PEEK, {sa_family=AF_INET, sin_port=htons(38613), sin_addr=inet_addr("10.0.2.15")}, [16]) = 1
recvfrom(13, "r", 1, MSG_PEEK, {sa_family=AF_INET, sin_port=htons(38613), sin_addr=inet_addr("10.0.2.15")}, [16]) = 1
recv(13, "robot", 8192, MSG_PEEK)       = 5
recvmsg(13, {msg_name(0)=NULL, msg_iov(1)=[{"robot", 5}], msg_controllen=0, msg_flags=MSG_CTRUNC}, 0) = 5
recvfrom(13, 0xbfac645f, 1, 2, 0xbfac6460, 0xbfac6458) = -1 EAGAIN (Resource temporarily unavailable)
recvmsg(8, 0xbfac6a14, 0)               = -1 EAGAIN (Resource temporarily unavailable)
recvmsg(8, 0xbfac6a14, 0)               = -1 EAGAIN (Resource temporarily unavailable)
recvmsg(8, 0xbfac6a14, 0)               = -1 EAGAIN (Resource temporarily unavailable)
recvmsg(8, 0xbfac6a14, 0)               = -1 EAGAIN (Resource temporarily unavailable)
recvmsg(8, 0xbfac6a14, 0)               = -1 EAGAIN (Resource temporarily unavailable)
recvmsg(8, 0xbfac6a14, 0)               = -1 EAGAIN (Resource temporarily unavailable)
recvmsg(8, 0xbfac6a14, 0)               = -1 EAGAIN (Resource temporarily unavailable)
recvmsg(8, 0xbfac6a14, 0)               = -1 EAGAIN (Resource temporarily unavailable)
recvmsg(8, 0xbfac6a14, 0)               = -1 EAGAIN (Resource temporarily unavailable)
recvmsg(8, 0xbfac6a14, 0)               = -1 EAGAIN (Resource temporarily unavailable)
recvmsg(8, 0xbfac6a14, 0)               = -1 EAGAIN (Resource temporarily unavailable)
recvmsg(8, 0xbfac6a14, 0)               = -1 EAGAIN (Resource temporarily unavailable)
recvmsg(8, 0xbfac6a14, 0)               = -1 EAGAIN (Resource temporarily unavailable)
recvmsg(8, 0xbfac6a14, 0)               = -1 EAGAIN (Resource temporarily unavailable)
recvmsg(8, 0xbfac6a14, 0)               = -1 EAGAIN (Resource temporarily unavailable)
recvmsg(8, 0xbfac6a14, 0)               = -1 EAGAIN (Resource temporarily unavailable)
recvmsg(8, 0xbfac6a14, 0)               = -1 EAGAIN (Resource temporarily unavailable)
recvmsg(8, 0xbfac6a14, 0)               = -1 EAGAIN (Resource temporarily unavailable)
recvmsg(8, 0xbfac6a14, 0)               = -1 EAGAIN (Resource temporarily unavailable)
recvmsg(8, 0xbfac6a14, 0)               = -1 EAGAIN (Resource temporarily unavailable)
recvmsg(8, 0xbfac6a14, 0)               = -1 EAGAIN (Resource temporarily unavailable)
recvmsg(8, 0xbfac6a14, 0)               = -1 EAGAIN (Resource temporarily unavailable)
recvmsg(8, 0xbfac6a14, 0)               = -1 EAGAIN (Resource temporarily unavailable)
recvmsg(8, 0xbfac6a14, 0)               = -1 EAGAIN (Resource temporarily unavailable)
recvmsg(8, 0xbfac6a14, 0)               = -1 EAGAIN (Resource temporarily unavailable)
recvmsg(8, 0xbfac6a14, 0)               = -1 EAGAIN (Resource temporarily unavailable)
recvmsg(8, 0xbfac6a14, 0)               = -1 EAGAIN (Resource temporarily unavailable)
recvmsg(8, 0xbfac6a14, 0)               = -1 EAGAIN (Resource temporarily unavailable)
recvmsg(8, 0xbfac6a14, 0)               = -1 EAGAIN (Resource temporarily unavailable)
recvmsg(8, 0xbfac6a14, 0)               = -1 EAGAIN (Resource temporarily unavailable)
recvmsg(8, 0xbfac6a14, 0)               = -1 EAGAIN (Resource temporarily unavailable)
recvmsg(8, 0xbfac6a14, 0)               = -1 EAGAIN (Resource temporarily unavailable)
recvmsg(8, 0xbfac6a14, 0)               = -1 EAGAIN (Resource temporarily unavailable)
recvmsg(8, 0xbfac6a14, 0)               = -1 EAGAIN (Resource temporarily unavailable)
recvmsg(8, 0xbfac6a14, 0)               = -1 EAGAIN (Resource temporarily unavailable)
recvmsg(8, 0xbfac6a14, 0)               = -1 EAGAIN (Resource temporarily unavailable)
recvmsg(8, 0xbfac6a14, 0)               = -1 EAGAIN (Resource temporarily unavailable)
recvmsg(8, 0xbfac6a14, 0)               = -1 EAGAIN (Resource temporarily unavailable)
recvmsg(8, {msg_name(0)=NULL, msg_iov(1)=[{"\16\0\274\1L\0\300\4\0\0>\0\0\0\0\0\0\0\0\0\0\0\0\0\0\0\0\0\0\0\0\0"..., 4096}], msg_controllen=0, msg_flags=0}, 0) = 64
recvmsg(8, 0xbfac3054, 0)               = -1 EAGAIN (Resource temporarily unavailable)
recvmsg(8, {msg_name(0)=NULL, msg_iov(1)=[{"\16\0\301\1L\0\300\4\0\0>\0\0\0\0\0\0\0\0\0\0\0\0\0\0\0\0\0\0\0\0\0"..., 4096}], msg_controllen=0, msg_flags=0}, 0) = 64
recvmsg(8, 0xbfac3054, 0)               = -1 EAGAIN (Resource temporarily unavailable)
recvmsg(8, {msg_name(0)=NULL, msg_iov(1)=[{"\16\0\336\1L\0\300\4\0\0>\0\0\0\0\0\0\0\0\0\0\0\0\0\0\0\0\0\0\0\0\0"..., 4096}], msg_controllen=0, msg_flags=0}, 0) = 64
recvmsg(8, 0xbfac3054, 0)               = -1 EAGAIN (Resource temporarily unavailable)
recvmsg(8, {msg_name(0)=NULL, msg_iov(1)=[{"\16\0\361\1L\0\300\4\0\0>\0\0\0\0\0\0\0\0\0\0\0\0\0\0\0\0\0\0\0\0\0"..., 4096}], msg_controllen=0, msg_flags=0}, 0) = 64
recvmsg(8, 0xbfac3054, 0)               = -1 EAGAIN (Resource temporarily unavailable)
recvmsg(8, 0xbfac6a14, 0)               = -1 EAGAIN (Resource temporarily unavailable)
recvmsg(8, 0xbfac6a14, 0)               = -1 EAGAIN (Resource temporarily unavailable)
recvmsg(8, 0xbfac6a14, 0)               = -1 EAGAIN (Resource temporarily unavailable)
recvmsg(8, 0xbfac6a14, 0)               = -1 EAGAIN (Resource temporarily unavailable)
recvmsg(8, 0xbfac6a14, 0)               = -1 EAGAIN (Resource temporarily unavailable)
recvmsg(8, 0xbfac6a14, 0)               = -1 EAGAIN (Resource temporarily unavailable)
recvmsg(8, 0xbfac6a14, 0)               = -1 EAGAIN (Resource temporarily unavailable)
recvmsg(8, 0xbfac6a14, 0)               = -1 EAGAIN (Resource temporarily unavailable)
recvmsg(8, {msg_name(0)=NULL, msg_iov(1)=[{"\16\0\370\1L\0\300\4\0\0>\0\0\0\0\0\0\0\0\0\0\0\0\0\0\0\0\0\0\0\0\0"..., 4096}], msg_controllen=0, msg_flags=0}, 0) = 64
recvmsg(8, 0xbfac1d34, 0)               = -1 EAGAIN (Resource temporarily unavailable)
recvmsg(8, {msg_name(0)=NULL, msg_iov(1)=[{"\16\0\375\1L\0\300\4\0\0>\0\0\0\0\0\0\0\0\0\0\0\0\0\0\0\0\0\0\0\0\0"..., 4096}], msg_controllen=0, msg_flags=0}, 0) = 64
recvmsg(8, 0xbfac1d34, 0)               = -1 EAGAIN (Resource temporarily unavailable)
recvmsg(8, {msg_name(0)=NULL, msg_iov(1)=[{"\16\0j\2L\0\300\4\0\0>\0\0\0\0\0\0\0\0\0\0\0\0\0\0\0\0\0\0\0\0\0"..., 4096}], msg_controllen=0, msg_flags=0}, 0) = 64
recvmsg(8, 0xbfac1d34, 0)               = -1 EAGAIN (Resource temporarily unavailable)
recvmsg(8, {msg_name(0)=NULL, msg_iov(1)=[{"\16\0\275\2L\0\300\4\0\0>\0\0\0\0\0\0\0\0\0\0\0\0\0\0\0\0\0\0\0\0\0"..., 4096}], msg_controllen=0, msg_flags=0}, 0) = 64
recvmsg(8, 0xbfac1d34, 0)               = -1 EAGAIN (Resource temporarily unavailable)
recvmsg(8, {msg_name(0)=NULL, msg_iov(1)=[{"\16\0\315\2L\0\300\4\0\0>\0\0\0\0\0\0\0\0\0\0\0\0\0\0\0\0\0\0\0\0\0"..., 4096}], msg_controllen=0, msg_flags=0}, 0) = 64
recvmsg(8, 0xbfac3554, 0)               = -1 EAGAIN (Resource temporarily unavailable)
recvmsg(8, {msg_name(0)=NULL, msg_iov(1)=[{"\16\0\335\2L\0\300\4\0\0>\0\0\0\0\0\0\0\0\0\0\0\0\0\0\0\0\0\0\0\0\0"..., 4096}], msg_controllen=0, msg_flags=0}, 0) = 64
recvmsg(8, 0xbfac3554, 0)               = -1 EAGAIN (Resource temporarily unavailable)
recvmsg(8, 0xbfac6a14, 0)               = -1 EAGAIN (Resource temporarily unavailable)
recvmsg(8, 0xbfac6a14, 0)               = -1 EAGAIN (Resource temporarily unavailable)
recvmsg(8, 0xbfac6a14, 0)               = -1 EAGAIN (Resource temporarily unavailable)
recvmsg(3, {msg_name(0)=NULL, msg_iov(1)=[{"\1\2\16\2\0\0\0\0\5\0 \1\0\0\0\0\0\0\0\0\0\0\0\0\0\0\0\0\0\0\0\0", 4096}], msg_controllen=0, msg_flags=0}, 0) = 32
shutdown(3, SHUT_RDWR)                  = 0
+++ exited with 0 +++
